2024-12-15 12:38:38 INFO  ConfigManager:53 - Configuration loaded for environment DEV
2024-12-15 12:38:38 INFO  ConfigManager:55 - Configuration loaded for browser CHROME
2024-12-15 12:38:45 INFO  BaseTest:32 - Started test with URL https://testautomationpractice.blogspot.com/
2024-12-15 12:38:48 INFO  BaseTest:44 - Driver instance is quit after the test
2024-12-15 12:39:11 INFO  ConfigManager:53 - Configuration loaded for environment DEV
2024-12-15 12:39:11 INFO  ConfigManager:55 - Configuration loaded for browser CHROME
2024-12-15 12:39:16 INFO  BaseTest:32 - Started test with URL https://testautomationpractice.blogspot.com/
2024-12-15 12:39:42 INFO  ConfigManager:53 - Configuration loaded for environment DEV
2024-12-15 12:39:42 INFO  ConfigManager:55 - Configuration loaded for browser CHROME
2024-12-15 12:39:50 INFO  BaseTest:32 - Started test with URL https://testautomationpractice.blogspot.com/
2024-12-15 12:40:41 INFO  ConfigManager:53 - Configuration loaded for environment DEV
2024-12-15 12:40:41 INFO  ConfigManager:55 - Configuration loaded for browser CHROME
2024-12-15 12:40:45 INFO  BaseTest:32 - Started test with URL https://testautomationpractice.blogspot.com/
2024-12-15 12:41:16 INFO  ConfigManager:53 - Configuration loaded for environment DEV
2024-12-15 12:41:16 INFO  ConfigManager:55 - Configuration loaded for browser CHROME
2024-12-15 12:41:23 INFO  BaseTest:32 - Started test with URL https://testautomationpractice.blogspot.com/
2024-12-15 12:42:12 INFO  ConfigManager:53 - Configuration loaded for environment DEV
2024-12-15 12:42:12 INFO  ConfigManager:55 - Configuration loaded for browser CHROME
2024-12-15 12:42:18 INFO  BaseTest:32 - Started test with URL https://testautomationpractice.blogspot.com/
2024-12-15 12:42:39 INFO  ConfigManager:53 - Configuration loaded for environment DEV
2024-12-15 12:42:39 INFO  ConfigManager:55 - Configuration loaded for browser CHROME
2024-12-15 12:42:49 INFO  BaseTest:32 - Started test with URL https://testautomationpractice.blogspot.com/
2024-12-15 12:42:54 INFO  BaseTest:32 - Started test with URL https://testautomationpractice.blogspot.com/
2024-12-15 12:43:22 INFO  ConfigManager:53 - Configuration loaded for environment DEV
2024-12-15 12:43:22 INFO  ConfigManager:55 - Configuration loaded for browser CHROME
2024-12-15 12:43:28 INFO  BaseTest:32 - Started test with URL https://testautomationpractice.blogspot.com/
2024-12-15 12:43:34 INFO  BaseTest:32 - Started test with URL https://testautomationpractice.blogspot.com/
2024-12-15 12:43:51 INFO  ConfigManager:53 - Configuration loaded for environment DEV
2024-12-15 12:43:51 INFO  ConfigManager:55 - Configuration loaded for browser CHROME
2024-12-15 12:43:56 INFO  BaseTest:32 - Started test with URL https://testautomationpractice.blogspot.com/
2024-12-15 12:44:01 INFO  BaseTest:32 - Started test with URL https://testautomationpractice.blogspot.com/
2024-12-15 12:44:32 INFO  ConfigManager:53 - Configuration loaded for environment DEV
2024-12-15 12:44:32 INFO  ConfigManager:55 - Configuration loaded for browser CHROME
2024-12-15 12:44:36 INFO  BaseTest:32 - Started test with URL https://testautomationpractice.blogspot.com/
2024-12-15 12:44:44 INFO  BaseTest:32 - Started test with URL https://testautomationpractice.blogspot.com/
2024-12-15 12:48:35 INFO  ConfigManager:53 - Configuration loaded for environment DEV
2024-12-15 12:48:35 INFO  ConfigManager:55 - Configuration loaded for browser CHROME
2024-12-15 12:48:40 INFO  BaseTest:32 - Started test with URL https://testautomationpractice.blogspot.com/
2024-12-15 12:51:20 INFO  ConfigManager:53 - Configuration loaded for environment DEV
2024-12-15 12:51:20 INFO  ConfigManager:55 - Configuration loaded for browser CHROME
2024-12-15 12:51:25 INFO  BaseTest:32 - Started test with URL https://testautomationpractice.blogspot.com/
2024-12-16 13:41:42 INFO  ConfigManager:53 - Configuration loaded for environment DEV
2024-12-16 13:41:42 INFO  ConfigManager:55 - Configuration loaded for browser CHROME
2024-12-16 13:41:51 INFO  BaseTest:32 - Started test with URL https://testautomationpractice.blogspot.com/
2024-12-16 13:41:59 INFO  BaseTest:32 - Started test with URL https://testautomationpractice.blogspot.com/
2024-12-16 14:41:20 INFO  ConfigManager:53 - Configuration loaded for environment DEV
2024-12-16 14:41:20 INFO  ConfigManager:55 - Configuration loaded for browser CHROME
2024-12-16 14:41:24 INFO  BaseTest:36 - Started test with URL https://testautomationpractice.blogspot.com/
2024-12-16 14:41:26 INFO  BaseTest:23 - clicked on hidden Element
2024-12-16 14:41:32 INFO  BaseTest:36 - Started test with URL https://testautomationpractice.blogspot.com/
2024-12-16 14:41:57 INFO  ConfigManager:53 - Configuration loaded for environment DEV
2024-12-16 14:41:58 INFO  ConfigManager:55 - Configuration loaded for browser CHROME
2024-12-16 14:42:03 INFO  BaseTest:36 - Started test with URL https://testautomationpractice.blogspot.com/
2024-12-16 14:42:05 INFO  BaseTest:23 - clicked on hidden Element
2024-12-16 14:42:11 INFO  BaseTest:36 - Started test with URL https://testautomationpractice.blogspot.com/
2024-12-16 14:43:27 INFO  ConfigManager:53 - Configuration loaded for environment DEV
2024-12-16 14:43:27 INFO  ConfigManager:55 - Configuration loaded for browser CHROME
2024-12-16 14:43:34 INFO  BaseTest:36 - Started test with URL https://testautomationpractice.blogspot.com/
2024-12-16 14:43:35 INFO  BaseTest:23 - clicked on hidden Element
2024-12-16 14:43:42 INFO  BaseTest:36 - Started test with URL https://testautomationpractice.blogspot.com/
2024-12-16 17:34:48 INFO  ConfigManager:53 - Configuration loaded for environment DEV
2024-12-16 17:34:48 INFO  ConfigManager:55 - Configuration loaded for browser CHROME
2024-12-16 17:34:55 INFO  BaseTest:36 - Started test with URL https://testautomationpractice.blogspot.com/
2024-12-16 17:34:57 INFO  BaseTest:23 - clicked on hidden Element
2024-12-16 17:35:03 INFO  BaseTest:36 - Started test with URL https://testautomationpractice.blogspot.com/
2024-12-16 17:38:58 INFO  Utils:112 - [TestNG] Running:
  C:\Users\hassan\Desktop\SDET\clone\SELENIUM_YOUTUBE\src\test\java\tests\TestautSite\master.xml

2024-12-16 17:38:58 INFO  ConfigManager:53 - Configuration loaded for environment DEV
2024-12-16 17:38:58 INFO  ConfigManager:55 - Configuration loaded for browser CHROME
2024-12-16 17:38:58 INFO  WebDriverManager:1220 - Using chromedriver 131.0.6778.108 (resolved driver for Chrome 131)
2024-12-16 17:38:58 INFO  WebDriverManager:1282 - Exporting webdriver.chrome.driver as C:\Users\hassan\.cache\selenium\chromedriver\win64\131.0.6778.108\chromedriver.exe
2024-12-16 17:39:05 INFO  BaseTest:36 - Started test with URL https://testautomationpractice.blogspot.com/
2024-12-16 17:39:06 INFO  BaseTest:23 - clicked on hidden Element
2024-12-16 17:39:12 INFO  BaseTest:36 - Started test with URL https://testautomationpractice.blogspot.com/
2024-12-16 19:12:09 INFO  Utils:112 - [TestNG] Running:
  C:\Users\hassan\AppData\Local\JetBrains\IdeaIC2024.1\temp-testng-customsuite.xml

2024-12-16 19:15:52 INFO  Utils:112 - [TestNG] Running:
  C:\Users\hassan\AppData\Local\JetBrains\IdeaIC2024.1\temp-testng-customsuite.xml

2024-12-16 19:17:17 INFO  Utils:112 - [TestNG] Running:
  C:\Users\hassan\AppData\Local\JetBrains\IdeaIC2024.1\temp-testng-customsuite.xml

2024-12-16 19:21:18 INFO  Utils:112 - [TestNG] Running:
  C:\Users\hassan\AppData\Local\JetBrains\IdeaIC2024.1\temp-testng-customsuite.xml

2024-12-16 19:22:18 INFO  Utils:112 - [TestNG] Running:
  C:\Users\hassan\AppData\Local\JetBrains\IdeaIC2024.1\temp-testng-customsuite.xml

2024-12-16 19:22:37 INFO  Utils:112 - [TestNG] Running:
  C:\Users\hassan\AppData\Local\JetBrains\IdeaIC2024.1\temp-testng-customsuite.xml

2024-12-16 19:43:38 INFO  Utils:112 - [TestNG] Running:
  C:\Users\hassan\AppData\Local\JetBrains\IdeaIC2024.1\temp-testng-customsuite.xml

2024-12-16 19:43:42 INFO  Utils:112 - [TestNG] Running:
  C:\Users\hassan\AppData\Local\JetBrains\IdeaIC2024.1\temp-testng-customsuite.xml

2024-12-16 19:44:17 INFO  Utils:112 - [TestNG] Running:
  C:\Users\hassan\AppData\Local\JetBrains\IdeaIC2024.1\temp-testng-customsuite.xml

2024-12-16 19:44:40 INFO  Utils:112 - [TestNG] Running:
  C:\Users\hassan\AppData\Local\JetBrains\IdeaIC2024.1\temp-testng-customsuite.xml

2024-12-16 19:45:37 INFO  Utils:112 - [TestNG] Running:
  C:\Users\hassan\AppData\Local\JetBrains\IdeaIC2024.1\temp-testng-customsuite.xml

2024-12-16 19:45:42 INFO  ConfigManager:53 - Configuration loaded for environment DEV
2024-12-16 19:47:46 INFO  Utils:112 - [TestNG] Running:
  C:\Users\hassan\AppData\Local\JetBrains\IdeaIC2024.1\temp-testng-customsuite.xml

2024-12-16 19:47:50 INFO  ConfigManager:53 - Configuration loaded for environment DEV
2024-12-16 19:48:25 INFO  Utils:112 - [TestNG] Running:
  C:\Users\hassan\AppData\Local\JetBrains\IdeaIC2024.1\temp-testng-customsuite.xml

2024-12-16 19:48:29 INFO  ConfigManager:53 - Configuration loaded for environment DEV
2024-12-16 19:51:02 INFO  Utils:112 - [TestNG] Running:
  C:\Users\hassan\AppData\Local\JetBrains\IdeaIC2024.1\temp-testng-customsuite.xml

2024-12-16 19:51:37 INFO  Utils:112 - [TestNG] Running:
  C:\Users\hassan\AppData\Local\JetBrains\IdeaIC2024.1\temp-testng-customsuite.xml

2024-12-16 19:53:22 INFO  Utils:112 - [TestNG] Running:
  C:\Users\hassan\AppData\Local\JetBrains\IdeaIC2024.1\temp-testng-customsuite.xml

2024-12-16 19:53:22 INFO  ConfigManager:53 - Configuration loaded for environment DEV
2024-12-16 19:53:22 INFO  ConfigManager:55 - Configuration loaded for browser CHROME
2024-12-16 19:53:24 INFO  WebDriverManager:1220 - Using chromedriver 131.0.6778.108 (resolved driver for Chrome 131)
2024-12-16 19:53:24 INFO  WebDriverManager:1282 - Exporting webdriver.chrome.driver as C:\Users\hassan\.cache\selenium\chromedriver\win64\131.0.6778.108\chromedriver.exe
2024-12-16 19:53:28 INFO  BaseTest:36 - Started test with URL https://testautomationpractice.blogspot.com/
2024-12-16 19:53:29 INFO  BaseTest:21 - clicked on hidden Element
2024-12-16 19:54:29 INFO  Utils:112 - [TestNG] Running:
  C:\Users\hassan\AppData\Local\JetBrains\IdeaIC2024.1\temp-testng-customsuite.xml

2024-12-16 20:05:21 INFO  Utils:112 - [TestNG] Running:
  C:\Users\hassan\AppData\Local\JetBrains\IdeaIC2024.1\temp-testng-customsuite.xml

2024-12-16 20:05:21 INFO  ConfigManager:53 - Configuration loaded for environment DEV
2024-12-16 20:05:21 INFO  ConfigManager:55 - Configuration loaded for browser CHROME
2024-12-16 20:05:21 INFO  WebDriverManager:1220 - Using chromedriver 131.0.6778.108 (resolved driver for Chrome 131)
2024-12-16 20:05:21 INFO  WebDriverManager:1282 - Exporting webdriver.chrome.driver as C:\Users\hassan\.cache\selenium\chromedriver\win64\131.0.6778.108\chromedriver.exe
2024-12-16 20:05:25 INFO  BaseTest:36 - Started test with URL https://testautomationpractice.blogspot.com/
2024-12-16 20:05:27 INFO  BaseTest:21 - clicked on hidden Element
2024-12-16 20:07:18 INFO  Utils:112 - [TestNG] Running:
  C:\Users\hassan\AppData\Local\JetBrains\IdeaIC2024.1\temp-testng-customsuite.xml

2024-12-16 20:08:16 INFO  Utils:112 - [TestNG] Running:
  C:\Users\hassan\AppData\Local\JetBrains\IdeaIC2024.1\temp-testng-customsuite.xml

2024-12-16 20:10:45 INFO  Utils:112 - [TestNG] Running:
  C:\Users\hassan\AppData\Local\JetBrains\IdeaIC2024.1\temp-testng-customsuite.xml

2024-12-16 20:12:34 INFO  Utils:112 - [TestNG] Running:
  C:\Users\hassan\Desktop\SDET\clone\SELENIUM_YOUTUBE\src\test\java\tests\TestautSite\ReadFromExcell\master2.xml

2024-12-16 20:14:39 INFO  Utils:112 - [TestNG] Running:
  C:\Users\hassan\AppData\Local\JetBrains\IdeaIC2024.1\temp-testng-customsuite.xml

2024-12-16 20:16:20 INFO  Utils:112 - [TestNG] Running:
  C:\Users\hassan\AppData\Local\JetBrains\IdeaIC2024.1\temp-testng-customsuite.xml

2024-12-16 20:17:05 INFO  Utils:112 - [TestNG] Running:
  C:\Users\hassan\AppData\Local\JetBrains\IdeaIC2024.1\temp-testng-customsuite.xml

2024-12-16 20:17:34 INFO  Utils:112 - [TestNG] Running:
  C:\Users\hassan\AppData\Local\JetBrains\IdeaIC2024.1\temp-testng-customsuite.xml

2024-12-16 20:17:35 INFO  ConfigManager:53 - Configuration loaded for environment DEV
2024-12-16 20:17:35 INFO  ConfigManager:55 - Configuration loaded for browser CHROME
2024-12-16 20:17:35 INFO  WebDriverManager:1220 - Using chromedriver 131.0.6778.108 (resolved driver for Chrome 131)
2024-12-16 20:17:35 INFO  WebDriverManager:1282 - Exporting webdriver.chrome.driver as C:\Users\hassan\.cache\selenium\chromedriver\win64\131.0.6778.108\chromedriver.exe
2024-12-16 20:17:38 INFO  BaseTest:36 - Started test with URL https://testautomationpractice.blogspot.com/
2024-12-16 20:17:40 INFO  BaseTest:24 - clicked on hidden Element
2024-12-16 20:18:44 INFO  Utils:112 - [TestNG] Running:
  C:\Users\hassan\AppData\Local\JetBrains\IdeaIC2024.1\temp-testng-customsuite.xml

2024-12-16 20:18:45 INFO  ConfigManager:53 - Configuration loaded for environment DEV
2024-12-16 20:18:45 INFO  ConfigManager:55 - Configuration loaded for browser CHROME
2024-12-16 20:18:45 INFO  WebDriverManager:1220 - Using chromedriver 131.0.6778.108 (resolved driver for Chrome 131)
2024-12-16 20:18:45 INFO  WebDriverManager:1282 - Exporting webdriver.chrome.driver as C:\Users\hassan\.cache\selenium\chromedriver\win64\131.0.6778.108\chromedriver.exe
2024-12-16 20:18:52 INFO  BaseTest:36 - Started test with URL https://testautomationpractice.blogspot.com/
2024-12-16 20:18:52 INFO  BaseTest:24 - clicked on hidden Element
2024-12-16 20:21:23 INFO  Utils:112 - [TestNG] Running:
  C:\Users\hassan\AppData\Local\JetBrains\IdeaIC2024.1\temp-testng-customsuite.xml

2024-12-16 20:21:23 INFO  ConfigManager:53 - Configuration loaded for environment DEV
2024-12-16 20:21:23 INFO  ConfigManager:55 - Configuration loaded for browser CHROME
2024-12-16 20:21:24 INFO  WebDriverManager:1220 - Using chromedriver 131.0.6778.108 (resolved driver for Chrome 131)
2024-12-16 20:21:24 INFO  WebDriverManager:1282 - Exporting webdriver.chrome.driver as C:\Users\hassan\.cache\selenium\chromedriver\win64\131.0.6778.108\chromedriver.exe
2024-12-16 20:21:29 INFO  BaseTest:36 - Started test with URL https://testautomationpractice.blogspot.com/
2024-12-16 20:21:31 INFO  BaseTest:24 - clicked on hidden Element
2024-12-16 20:22:41 INFO  Utils:112 - [TestNG] Running:
  C:\Users\hassan\AppData\Local\JetBrains\IdeaIC2024.1\temp-testng-customsuite.xml

2024-12-16 20:22:42 INFO  ConfigManager:53 - Configuration loaded for environment DEV
2024-12-16 20:22:42 INFO  ConfigManager:55 - Configuration loaded for browser CHROME
2024-12-16 20:22:42 INFO  WebDriverManager:1220 - Using chromedriver 131.0.6778.108 (resolved driver for Chrome 131)
2024-12-16 20:22:42 INFO  WebDriverManager:1282 - Exporting webdriver.chrome.driver as C:\Users\hassan\.cache\selenium\chromedriver\win64\131.0.6778.108\chromedriver.exe
2024-12-16 20:22:46 INFO  BaseTest:36 - Started test with URL https://testautomationpractice.blogspot.com/
2024-12-16 20:22:47 INFO  BaseTest:24 - clicked on hidden Element
2024-12-16 20:25:15 INFO  Utils:112 - [TestNG] Running:
  C:\Users\hassan\AppData\Local\JetBrains\IdeaIC2024.1\temp-testng-customsuite.xml

2024-12-16 20:25:16 INFO  ConfigManager:53 - Configuration loaded for environment DEV
2024-12-16 20:25:16 INFO  ConfigManager:55 - Configuration loaded for browser CHROME
2024-12-16 20:25:17 INFO  WebDriverManager:1220 - Using chromedriver 131.0.6778.108 (resolved driver for Chrome 131)
2024-12-16 20:25:17 INFO  WebDriverManager:1282 - Exporting webdriver.chrome.driver as C:\Users\hassan\.cache\selenium\chromedriver\win64\131.0.6778.108\chromedriver.exe
2024-12-16 20:25:20 INFO  BaseTest:36 - Started test with URL https://testautomationpractice.blogspot.com/
2024-12-16 20:25:21 INFO  BaseTest:24 - clicked on hidden Element
2024-12-16 20:26:30 INFO  Utils:112 - [TestNG] Running:
  C:\Users\hassan\AppData\Local\JetBrains\IdeaIC2024.1\temp-testng-customsuite.xml

2024-12-16 20:26:31 INFO  ConfigManager:53 - Configuration loaded for environment DEV
2024-12-16 20:26:31 INFO  ConfigManager:55 - Configuration loaded for browser CHROME
2024-12-16 20:26:31 INFO  WebDriverManager:1220 - Using chromedriver 131.0.6778.108 (resolved driver for Chrome 131)
2024-12-16 20:26:31 INFO  WebDriverManager:1282 - Exporting webdriver.chrome.driver as C:\Users\hassan\.cache\selenium\chromedriver\win64\131.0.6778.108\chromedriver.exe
2024-12-16 20:26:36 INFO  BaseTest:36 - Started test with URL https://testautomationpractice.blogspot.com/
2024-12-16 20:26:37 INFO  BaseTest:24 - clicked on hidden Element
2024-12-16 20:27:01 INFO  Utils:112 - [TestNG] Running:
  C:\Users\hassan\AppData\Local\JetBrains\IdeaIC2024.1\temp-testng-customsuite.xml

2024-12-16 20:27:02 INFO  ConfigManager:53 - Configuration loaded for environment DEV
2024-12-16 20:27:02 INFO  ConfigManager:55 - Configuration loaded for browser CHROME
2024-12-16 20:27:03 INFO  WebDriverManager:1220 - Using chromedriver 131.0.6778.108 (resolved driver for Chrome 131)
2024-12-16 20:27:03 INFO  WebDriverManager:1282 - Exporting webdriver.chrome.driver as C:\Users\hassan\.cache\selenium\chromedriver\win64\131.0.6778.108\chromedriver.exe
2024-12-16 20:27:07 INFO  BaseTest:36 - Started test with URL https://testautomationpractice.blogspot.com/
2024-12-16 20:27:09 INFO  BaseTest:24 - clicked on hidden Element
2024-12-16 20:27:16 INFO  BaseTest:36 - Started test with URL https://testautomationpractice.blogspot.com/
2024-12-16 20:27:17 INFO  BaseTest:24 - clicked on hidden Element
2024-12-16 20:27:23 INFO  BaseTest:36 - Started test with URL https://testautomationpractice.blogspot.com/
2024-12-16 20:27:23 INFO  BaseTest:24 - clicked on hidden Element
2024-12-16 20:29:08 INFO  Utils:112 - [TestNG] Running:
  C:\Users\hassan\Desktop\SDET\clone\SELENIUM_YOUTUBE\src\test\java\tests\TestautSite\ReadFromExcell\master2.xml

2024-12-16 20:29:10 INFO  ConfigManager:53 - Configuration loaded for environment DEV
2024-12-16 20:29:10 INFO  ConfigManager:55 - Configuration loaded for browser CHROME
2024-12-16 20:29:10 INFO  WebDriverManager:1220 - Using chromedriver 131.0.6778.108 (resolved driver for Chrome 131)
2024-12-16 20:29:10 INFO  WebDriverManager:1282 - Exporting webdriver.chrome.driver as C:\Users\hassan\.cache\selenium\chromedriver\win64\131.0.6778.108\chromedriver.exe
2024-12-17 10:21:36 INFO  Utils:112 - [TestNG] Running:
  C:\Users\hassan\Desktop\SDET\clone\SELENIUM_YOUTUBE\src\test\java\tests\TestautSite\Grouping\Grouping2.xml

2024-12-17 10:22:40 INFO  Utils:112 - [TestNG] Running:
  C:\Users\hassan\AppData\Local\JetBrains\IdeaIC2024.1\temp-testng-customsuite.xml

2024-12-17 10:22:40 INFO  ConfigManager:53 - Configuration loaded for environment DEV
2024-12-17 10:22:40 INFO  ConfigManager:55 - Configuration loaded for browser CHROME
2024-12-17 10:22:41 INFO  WebDriverManager:1220 - Using chromedriver 131.0.6778.108 (resolved driver for Chrome 131)
2024-12-17 10:22:41 INFO  WebDriverManager:1282 - Exporting webdriver.chrome.driver as C:\Users\hassan\.cache\selenium\chromedriver\win64\131.0.6778.108\chromedriver.exe
2024-12-17 10:22:46 INFO  BaseTest:36 - Started test with URL https://testautomationpractice.blogspot.com/
2024-12-17 10:22:58 INFO  Utils:112 - [TestNG] Running:
  C:\Users\hassan\AppData\Local\JetBrains\IdeaIC2024.1\temp-testng-customsuite.xml

2024-12-17 10:22:58 INFO  ConfigManager:53 - Configuration loaded for environment DEV
2024-12-17 10:22:58 INFO  ConfigManager:55 - Configuration loaded for browser CHROME
2024-12-17 10:22:59 INFO  WebDriverManager:1220 - Using chromedriver 131.0.6778.108 (resolved driver for Chrome 131)
2024-12-17 10:22:59 INFO  WebDriverManager:1282 - Exporting webdriver.chrome.driver as C:\Users\hassan\.cache\selenium\chromedriver\win64\131.0.6778.108\chromedriver.exe
2024-12-17 10:23:02 INFO  BaseTest:36 - Started test with URL https://testautomationpractice.blogspot.com/
2024-12-17 10:23:04 INFO  BaseTest:21 - clicked on hidden Element
2024-12-17 10:23:11 INFO  BaseTest:36 - Started test with URL https://testautomationpractice.blogspot.com/
2024-12-17 10:24:27 INFO  Utils:112 - [TestNG] Running:
  C:\Users\hassan\Desktop\SDET\clone\SELENIUM_YOUTUBE\src\test\java\tests\TestautSite\Grouping\Grouping2.xml

2024-12-17 10:24:28 INFO  ConfigManager:53 - Configuration loaded for environment DEV
2024-12-17 10:24:28 INFO  ConfigManager:55 - Configuration loaded for browser CHROME
2024-12-17 10:24:28 INFO  WebDriverManager:1220 - Using chromedriver 131.0.6778.108 (resolved driver for Chrome 131)
2024-12-17 10:24:28 INFO  WebDriverManager:1282 - Exporting webdriver.chrome.driver as C:\Users\hassan\.cache\selenium\chromedriver\win64\131.0.6778.108\chromedriver.exe
2024-12-17 10:24:30 INFO  BaseTest:36 - Started test with URL https://testautomationpractice.blogspot.com/
2024-12-17 10:24:32 INFO  BaseTest:21 - clicked on hidden Element
2024-12-17 10:24:38 INFO  BaseTest:36 - Started test with URL https://testautomationpractice.blogspot.com/
2024-12-17 10:25:08 INFO  Utils:112 - [TestNG] Running:
  C:\Users\hassan\Desktop\SDET\clone\SELENIUM_YOUTUBE\src\test\java\tests\TestautSite\Grouping\Grouping2.xml

2024-12-17 10:25:45 INFO  Utils:112 - [TestNG] Running:
  C:\Users\hassan\Desktop\SDET\clone\SELENIUM_YOUTUBE\src\test\java\tests\TestautSite\Grouping\Grouping2.xml

2024-12-17 10:26:00 INFO  Utils:112 - [TestNG] Running:
  C:\Users\hassan\Desktop\SDET\clone\SELENIUM_YOUTUBE\src\test\java\tests\TestautSite\Grouping\Grouping2.xml

2024-12-17 10:26:00 INFO  ConfigManager:53 - Configuration loaded for environment DEV
2024-12-17 10:26:00 INFO  ConfigManager:55 - Configuration loaded for browser CHROME
2024-12-17 10:26:01 INFO  WebDriverManager:1220 - Using chromedriver 131.0.6778.108 (resolved driver for Chrome 131)
2024-12-17 10:26:01 INFO  WebDriverManager:1282 - Exporting webdriver.chrome.driver as C:\Users\hassan\.cache\selenium\chromedriver\win64\131.0.6778.108\chromedriver.exe
2024-12-17 10:26:04 INFO  BaseTest:36 - Started test with URL https://testautomationpractice.blogspot.com/
2024-12-17 10:26:05 ERROR BaseTest:42 - test failed
2024-12-17 10:27:14 INFO  Utils:112 - [TestNG] Running:
  C:\Users\hassan\Desktop\SDET\clone\SELENIUM_YOUTUBE\src\test\java\tests\TestautSite\Grouping\Grouping2.xml

2024-12-17 10:27:14 ERROR BaseTest:42 - test failed
2024-12-17 10:27:20 INFO  Utils:112 - [TestNG] Running:
  C:\Users\hassan\Desktop\SDET\clone\SELENIUM_YOUTUBE\src\test\java\tests\TestautSite\Grouping\Grouping2.xml

2024-12-17 10:27:20 ERROR BaseTest:42 - test failed
2024-12-17 10:28:28 INFO  Utils:112 - [TestNG] Running:
  C:\Users\hassan\Desktop\SDET\clone\SELENIUM_YOUTUBE\src\test\java\tests\TestautSite\Grouping\Grouping2.xml

2024-12-17 10:30:26 INFO  Utils:112 - [TestNG] Running:
  C:\Users\hassan\Desktop\SDET\clone\SELENIUM_YOUTUBE\src\test\java\tests\TestautSite\Grouping\Grouping2.xml

2024-12-17 10:32:00 INFO  Utils:112 - [TestNG] Running:
  C:\Users\hassan\Desktop\SDET\clone\SELENIUM_YOUTUBE\src\test\java\tests\TestautSite\Grouping\Grouping2.xml

2024-12-17 10:32:00 INFO  ConfigManager:53 - Configuration loaded for environment DEV
2024-12-17 10:32:00 INFO  ConfigManager:55 - Configuration loaded for browser CHROME
2024-12-17 10:32:00 INFO  WebDriverManager:1220 - Using chromedriver 131.0.6778.108 (resolved driver for Chrome 131)
2024-12-17 10:32:01 INFO  WebDriverManager:1282 - Exporting webdriver.chrome.driver as C:\Users\hassan\.cache\selenium\chromedriver\win64\131.0.6778.108\chromedriver.exe
2024-12-17 10:32:04 INFO  BaseTest:37 - Started test with URL https://testautomationpractice.blogspot.com/
2024-12-17 10:32:06 INFO  BaseTest:37 - Started test with URL https://testautomationpractice.blogspot.com/
2024-12-17 10:32:07 INFO  BaseTest:21 - clicked on hidden Element
2024-12-17 10:32:49 INFO  Utils:112 - [TestNG] Running:
  C:\Users\hassan\Desktop\SDET\clone\SELENIUM_YOUTUBE\src\test\java\tests\TestautSite\Grouping\Grouping2.xml

2024-12-17 10:32:49 INFO  ConfigManager:53 - Configuration loaded for environment DEV
2024-12-17 10:32:49 INFO  ConfigManager:55 - Configuration loaded for browser CHROME
2024-12-17 10:32:49 INFO  WebDriverManager:1220 - Using chromedriver 131.0.6778.108 (resolved driver for Chrome 131)
2024-12-17 10:32:49 INFO  WebDriverManager:1282 - Exporting webdriver.chrome.driver as C:\Users\hassan\.cache\selenium\chromedriver\win64\131.0.6778.108\chromedriver.exe
2024-12-17 10:32:53 INFO  BaseTest:37 - Started test with URL https://testautomationpractice.blogspot.com/
2024-12-17 10:32:56 INFO  BaseTest:37 - Started test with URL https://testautomationpractice.blogspot.com/
2024-12-17 10:32:56 INFO  BaseTest:21 - clicked on hidden Element
2024-12-17 10:34:07 INFO  Utils:112 - [TestNG] Running:
  C:\Users\hassan\Desktop\SDET\clone\SELENIUM_YOUTUBE\src\test\java\tests\TestautSite\Grouping\Grouping2.xml

2024-12-17 10:34:07 INFO  ConfigManager:53 - Configuration loaded for environment DEV
2024-12-17 10:34:07 INFO  ConfigManager:55 - Configuration loaded for browser CHROME
2024-12-17 10:34:07 INFO  WebDriverManager:1220 - Using chromedriver 131.0.6778.108 (resolved driver for Chrome 131)
2024-12-17 10:34:07 INFO  WebDriverManager:1282 - Exporting webdriver.chrome.driver as C:\Users\hassan\.cache\selenium\chromedriver\win64\131.0.6778.108\chromedriver.exe
2024-12-17 10:34:10 INFO  BaseTest:37 - Started test with URL https://testautomationpractice.blogspot.com/
2024-12-17 10:34:13 INFO  BaseTest:37 - Started test with URL https://testautomationpractice.blogspot.com/
2024-12-17 10:34:15 INFO  BaseTest:21 - clicked on hidden Element
2024-12-17 10:34:31 INFO  Utils:112 - [TestNG] Running:
  C:\Users\hassan\Desktop\SDET\clone\SELENIUM_YOUTUBE\src\test\java\tests\TestautSite\Grouping\Grouping2.xml

2024-12-17 10:34:46 INFO  Utils:112 - [TestNG] Running:
  C:\Users\hassan\Desktop\SDET\clone\SELENIUM_YOUTUBE\src\test\java\tests\TestautSite\Grouping\Grouping2.xml

2024-12-17 10:34:46 ERROR BaseTest:42 - test failed
2024-12-17 10:35:13 INFO  Utils:112 - [TestNG] Running:
  C:\Users\hassan\Desktop\SDET\clone\SELENIUM_YOUTUBE\src\test\java\tests\TestautSite\Grouping\Grouping2.xml

2024-12-17 10:35:13 ERROR BaseTest:42 - test failed
2024-12-17 10:35:29 INFO  Utils:112 - [TestNG] Running:
  C:\Users\hassan\Desktop\SDET\clone\SELENIUM_YOUTUBE\src\test\java\tests\TestautSite\Grouping\Grouping2.xml

2024-12-17 10:35:29 INFO  ConfigManager:53 - Configuration loaded for environment DEV
2024-12-17 10:35:29 INFO  ConfigManager:55 - Configuration loaded for browser CHROME
2024-12-17 10:35:30 INFO  WebDriverManager:1220 - Using chromedriver 131.0.6778.108 (resolved driver for Chrome 131)
2024-12-17 10:35:30 INFO  WebDriverManager:1282 - Exporting webdriver.chrome.driver as C:\Users\hassan\.cache\selenium\chromedriver\win64\131.0.6778.108\chromedriver.exe
2024-12-17 10:35:34 INFO  BaseTest:38 - Started test with URL https://testautomationpractice.blogspot.com/
2024-12-17 10:35:37 INFO  BaseTest:21 - clicked on hidden Element
2024-12-17 10:36:07 INFO  Utils:112 - [TestNG] Running:
  C:\Users\hassan\Desktop\SDET\clone\SELENIUM_YOUTUBE\src\test\java\tests\TestautSite\Grouping\Grouping2.xml

2024-12-17 10:36:08 INFO  ConfigManager:53 - Configuration loaded for environment DEV
2024-12-17 10:36:08 INFO  ConfigManager:55 - Configuration loaded for browser CHROME
2024-12-17 10:36:08 INFO  WebDriverManager:1220 - Using chromedriver 131.0.6778.108 (resolved driver for Chrome 131)
2024-12-17 10:36:08 INFO  WebDriverManager:1282 - Exporting webdriver.chrome.driver as C:\Users\hassan\.cache\selenium\chromedriver\win64\131.0.6778.108\chromedriver.exe
2024-12-17 10:36:13 INFO  BaseTest:38 - Started test with URL https://testautomationpractice.blogspot.com/
2024-12-17 10:36:15 INFO  BaseTest:21 - clicked on hidden Element
2024-12-17 10:36:57 INFO  Utils:112 - [TestNG] Running:
  C:\Users\hassan\Desktop\SDET\clone\SELENIUM_YOUTUBE\src\test\java\tests\TestautSite\Grouping\Grouping2.xml

2024-12-17 10:36:57 INFO  ConfigManager:53 - Configuration loaded for environment DEV
2024-12-17 10:36:57 INFO  ConfigManager:55 - Configuration loaded for browser CHROME
2024-12-17 10:36:58 INFO  WebDriverManager:1220 - Using chromedriver 131.0.6778.108 (resolved driver for Chrome 131)
2024-12-17 10:36:58 INFO  WebDriverManager:1282 - Exporting webdriver.chrome.driver as C:\Users\hassan\.cache\selenium\chromedriver\win64\131.0.6778.108\chromedriver.exe
2024-12-17 10:37:02 INFO  BaseTest:38 - Started test with URL https://testautomationpractice.blogspot.com/
2024-12-17 10:37:04 INFO  BaseTest:36 - clicked on download Element
2024-12-17 10:37:05 INFO  BaseTest:21 - clicked on hidden Element
2024-12-17 10:37:51 INFO  Utils:112 - [TestNG] Running:
  C:\Users\hassan\Desktop\SDET\clone\SELENIUM_YOUTUBE\src\test\java\tests\TestautSite\Grouping\Grouping2.xml

2024-12-17 10:37:51 INFO  ConfigManager:53 - Configuration loaded for environment DEV
2024-12-17 10:37:51 INFO  ConfigManager:55 - Configuration loaded for browser CHROME
2024-12-17 10:37:52 INFO  WebDriverManager:1220 - Using chromedriver 131.0.6778.108 (resolved driver for Chrome 131)
2024-12-17 10:37:52 INFO  WebDriverManager:1282 - Exporting webdriver.chrome.driver as C:\Users\hassan\.cache\selenium\chromedriver\win64\131.0.6778.108\chromedriver.exe
2024-12-17 10:37:55 INFO  BaseTest:38 - Started test with URL https://testautomationpractice.blogspot.com/
2024-12-17 10:37:57 INFO  BaseTest:21 - clicked on hidden Element
2024-12-17 10:38:17 INFO  Utils:112 - [TestNG] Running:
  C:\Users\hassan\Desktop\SDET\clone\SELENIUM_YOUTUBE\src\test\java\tests\TestautSite\Grouping\Grouping2.xml

2024-12-17 10:38:17 INFO  ConfigManager:53 - Configuration loaded for environment DEV
2024-12-17 10:38:17 INFO  ConfigManager:55 - Configuration loaded for browser CHROME
2024-12-17 10:38:17 INFO  WebDriverManager:1220 - Using chromedriver 131.0.6778.108 (resolved driver for Chrome 131)
2024-12-17 10:38:18 INFO  WebDriverManager:1282 - Exporting webdriver.chrome.driver as C:\Users\hassan\.cache\selenium\chromedriver\win64\131.0.6778.108\chromedriver.exe
2024-12-17 10:38:22 INFO  BaseTest:38 - Started test with URL https://testautomationpractice.blogspot.com/
2024-12-17 10:38:23 INFO  BaseTest:21 - clicked on hidden Element
2024-12-17 10:38:30 INFO  BaseTest:36 - clicked on download Element
2024-12-17 10:38:41 INFO  Utils:112 - [TestNG] Running:
  C:\Users\hassan\Desktop\SDET\clone\SELENIUM_YOUTUBE\src\test\java\tests\TestautSite\Grouping\Grouping2.xml

2024-12-17 10:39:12 INFO  Utils:112 - [TestNG] Running:
  C:\Users\hassan\Desktop\SDET\clone\SELENIUM_YOUTUBE\src\test\java\tests\TestautSite\Grouping\Grouping2.xml

2024-12-17 10:39:33 INFO  Utils:112 - [TestNG] Running:
  C:\Users\hassan\Desktop\SDET\clone\SELENIUM_YOUTUBE\src\test\java\tests\TestautSite\Grouping\Grouping2.xml

2024-12-17 10:39:33 ERROR BaseTest:43 - test failed
2024-12-17 10:39:43 INFO  Utils:112 - [TestNG] Running:
  C:\Users\hassan\Desktop\SDET\clone\SELENIUM_YOUTUBE\src\test\java\tests\TestautSite\Grouping\Grouping2.xml

2024-12-17 10:39:43 ERROR BaseTest:43 - test failed
2024-12-17 10:39:51 INFO  Utils:112 - [TestNG] Running:
  C:\Users\hassan\Desktop\SDET\clone\SELENIUM_YOUTUBE\src\test\java\tests\TestautSite\Grouping\Grouping2.xml

2024-12-17 10:39:51 INFO  ConfigManager:53 - Configuration loaded for environment DEV
2024-12-17 10:39:51 INFO  ConfigManager:55 - Configuration loaded for browser CHROME
2024-12-17 10:39:52 INFO  WebDriverManager:1220 - Using chromedriver 131.0.6778.108 (resolved driver for Chrome 131)
2024-12-17 10:39:52 INFO  WebDriverManager:1282 - Exporting webdriver.chrome.driver as C:\Users\hassan\.cache\selenium\chromedriver\win64\131.0.6778.108\chromedriver.exe
2024-12-17 10:39:56 INFO  BaseTest:38 - Started test with URL https://testautomationpractice.blogspot.com/
2024-12-17 10:39:59 INFO  BaseTest:36 - clicked on download Element
2024-12-17 10:40:19 INFO  Utils:112 - [TestNG] Running:
  C:\Users\hassan\Desktop\SDET\clone\SELENIUM_YOUTUBE\src\test\java\tests\TestautSite\Grouping\Grouping2.xml

2024-12-17 10:40:19 INFO  ConfigManager:53 - Configuration loaded for environment DEV
2024-12-17 10:40:19 INFO  ConfigManager:55 - Configuration loaded for browser CHROME
2024-12-17 10:40:20 INFO  WebDriverManager:1220 - Using chromedriver 131.0.6778.108 (resolved driver for Chrome 131)
2024-12-17 10:40:20 INFO  WebDriverManager:1282 - Exporting webdriver.chrome.driver as C:\Users\hassan\.cache\selenium\chromedriver\win64\131.0.6778.108\chromedriver.exe
2024-12-17 10:40:26 INFO  BaseTest:38 - Started test with URL https://testautomationpractice.blogspot.com/
2024-12-17 10:40:27 INFO  BaseTest:36 - clicked on download Element
2024-12-17 10:45:10 INFO  Utils:112 - [TestNG] Running:
  C:\Users\hassan\Desktop\SDET\clone\SELENIUM_YOUTUBE\src\test\java\tests\TestautSite\Grouping\Grouping2.xml

2024-12-17 10:45:30 INFO  Utils:112 - [TestNG] Running:
  C:\Users\hassan\Desktop\SDET\clone\SELENIUM_YOUTUBE\src\test\java\tests\TestautSite\Grouping\Grouping2.xml

2024-12-17 10:45:30 INFO  ConfigManager:53 - Configuration loaded for environment DEV
2024-12-17 10:45:30 INFO  ConfigManager:55 - Configuration loaded for browser CHROME
2024-12-17 10:45:30 INFO  WebDriverManager:1220 - Using chromedriver 131.0.6778.108 (resolved driver for Chrome 131)
2024-12-17 10:45:30 INFO  WebDriverManager:1282 - Exporting webdriver.chrome.driver as C:\Users\hassan\.cache\selenium\chromedriver\win64\131.0.6778.108\chromedriver.exe
2024-12-17 10:45:35 INFO  BaseTest:38 - Started test with URL https://testautomationpractice.blogspot.com/
2024-12-17 10:45:37 INFO  BaseTest:21 - clicked on hidden Element
2024-12-17 10:45:44 INFO  BaseTest:52 - Driver instance is quit after the test
2024-12-17 10:45:59 INFO  Utils:112 - [TestNG] Running:
  C:\Users\hassan\Desktop\SDET\clone\SELENIUM_YOUTUBE\src\test\java\tests\TestautSite\Grouping\Grouping2.xml

2024-12-17 10:46:17 INFO  Utils:112 - [TestNG] Running:
  C:\Users\hassan\Desktop\SDET\clone\SELENIUM_YOUTUBE\src\test\java\tests\TestautSite\Grouping\Grouping2.xml

2024-12-17 10:46:24 INFO  Utils:112 - [TestNG] Running:
  C:\Users\hassan\Desktop\SDET\clone\SELENIUM_YOUTUBE\src\test\java\tests\TestautSite\Grouping\Grouping2.xml

2024-12-17 10:46:24 ERROR BaseTest:43 - test failed
2024-12-17 10:47:11 INFO  Utils:112 - [TestNG] Running:
  C:\Users\hassan\Desktop\SDET\clone\SELENIUM_YOUTUBE\src\test\java\tests\TestautSite\Grouping\Grouping2.xml

2024-12-17 10:47:11 ERROR BaseTest:43 - test failed
2024-12-17 10:47:21 INFO  Utils:112 - [TestNG] Running:
  C:\Users\hassan\Desktop\SDET\clone\SELENIUM_YOUTUBE\src\test\java\tests\TestautSite\Grouping\Grouping2.xml

2024-12-17 10:47:43 INFO  Utils:112 - [TestNG] Running:
  C:\Users\hassan\Desktop\SDET\clone\SELENIUM_YOUTUBE\src\test\java\tests\TestautSite\Grouping\Grouping2.xml

2024-12-17 10:47:43 ERROR BaseTest:43 - test failed
2024-12-17 10:49:15 INFO  Utils:112 - [TestNG] Running:
  C:\Users\hassan\Desktop\SDET\clone\SELENIUM_YOUTUBE\src\test\java\tests\TestautSite\Grouping\Grouping2.xml

2024-12-17 10:49:15 INFO  ConfigManager:53 - Configuration loaded for environment DEV
2024-12-17 10:49:15 INFO  ConfigManager:55 - Configuration loaded for browser CHROME
2024-12-17 10:49:16 INFO  WebDriverManager:1220 - Using chromedriver 131.0.6778.108 (resolved driver for Chrome 131)
2024-12-17 10:49:16 INFO  WebDriverManager:1282 - Exporting webdriver.chrome.driver as C:\Users\hassan\.cache\selenium\chromedriver\win64\131.0.6778.108\chromedriver.exe
2024-12-17 10:49:18 INFO  BaseTest:40 - Started test with URL https://testautomationpractice.blogspot.com/
2024-12-17 10:49:20 INFO  BaseTest:21 - clicked on hidden Element
2024-12-17 10:49:26 INFO  BaseTest:55 - Driver instance is quit after the test
2024-12-17 10:49:32 INFO  Utils:112 - [TestNG] Running:
  C:\Users\hassan\Desktop\SDET\clone\SELENIUM_YOUTUBE\src\test\java\tests\TestautSite\Grouping\Grouping2.xml

2024-12-17 10:49:32 INFO  ConfigManager:53 - Configuration loaded for environment DEV
2024-12-17 10:49:32 INFO  ConfigManager:55 - Configuration loaded for browser CHROME
2024-12-17 10:49:33 INFO  WebDriverManager:1220 - Using chromedriver 131.0.6778.108 (resolved driver for Chrome 131)
2024-12-17 10:49:33 INFO  WebDriverManager:1282 - Exporting webdriver.chrome.driver as C:\Users\hassan\.cache\selenium\chromedriver\win64\131.0.6778.108\chromedriver.exe
2024-12-17 10:49:38 INFO  BaseTest:40 - Started test with URL https://testautomationpractice.blogspot.com/
2024-12-17 10:49:40 INFO  BaseTest:36 - clicked on download Element
2024-12-17 10:49:41 INFO  BaseTest:55 - Driver instance is quit after the test
2024-12-17 11:43:29 INFO  Utils:112 - [TestNG] Running:
  C:\Users\hassan\Desktop\SDET\clone\SELENIUM_YOUTUBE\src\test\java\tests\TestautSite\master.xml

2024-12-17 11:43:29 INFO  ConfigManager:53 - Configuration loaded for environment DEV
2024-12-17 11:43:29 INFO  ConfigManager:55 - Configuration loaded for browser CHROME
2024-12-17 11:43:30 INFO  WebDriverManager:1220 - Using chromedriver 131.0.6778.108 (resolved driver for Chrome 131)
2024-12-17 11:43:30 INFO  WebDriverManager:1282 - Exporting webdriver.chrome.driver as C:\Users\hassan\.cache\selenium\chromedriver\win64\131.0.6778.108\chromedriver.exe
2024-12-17 11:43:36 INFO  BaseTest:40 - Started test with URL https://testautomationpractice.blogspot.com/
2024-12-17 11:43:38 INFO  BaseTest:21 - clicked on hidden Element
2024-12-17 11:43:44 INFO  BaseTest:55 - Driver instance is quit after the test
2024-12-17 11:43:44 INFO  ConfigManager:55 - Configuration loaded for browser CHROME
2024-12-17 11:43:44 INFO  WebDriverManager:1220 - Using chromedriver 131.0.6778.108 (resolved driver for Chrome 131)
2024-12-17 11:43:44 INFO  WebDriverManager:1282 - Exporting webdriver.chrome.driver as C:\Users\hassan\.cache\selenium\chromedriver\win64\131.0.6778.108\chromedriver.exe
2024-12-17 11:43:50 INFO  BaseTest:40 - Started test with URL https://testautomationpractice.blogspot.com/
2024-12-17 11:43:52 INFO  BaseTest:55 - Driver instance is quit after the test
2024-12-17 12:00:04 INFO  Utils:112 - [TestNG] Running:
  C:\Users\hassan\Desktop\SDET\clone\SELENIUM_YOUTUBE\src\test\java\tests\TestautSite\master.xml

2024-12-17 12:00:04 INFO  ConfigManager:53 - Configuration loaded for environment DEV
2024-12-17 12:00:04 INFO  ConfigManager:55 - Configuration loaded for browser CHROME
2024-12-17 12:00:05 INFO  WebDriverManager:1220 - Using chromedriver 131.0.6778.108 (resolved driver for Chrome 131)
2024-12-17 12:00:05 INFO  WebDriverManager:1282 - Exporting webdriver.chrome.driver as C:\Users\hassan\.cache\selenium\chromedriver\win64\131.0.6778.108\chromedriver.exe
2024-12-17 12:00:08 INFO  BaseTest:40 - Started test with URL https://testautomationpractice.blogspot.com/
2024-12-17 12:00:10 INFO  BaseTest:21 - clicked on hidden Element
2024-12-17 12:02:14 INFO  Utils:112 - [TestNG] Running:
  C:\Users\hassan\Desktop\SDET\clone\SELENIUM_YOUTUBE\src\test\java\tests\TestautSite\master.xml

2024-12-17 12:02:14 INFO  ConfigManager:53 - Configuration loaded for environment DEV
2024-12-17 12:02:14 INFO  ConfigManager:55 - Configuration loaded for browser CHROME
2024-12-17 12:02:15 INFO  WebDriverManager:1220 - Using chromedriver 131.0.6778.108 (resolved driver for Chrome 131)
2024-12-17 12:02:15 INFO  WebDriverManager:1282 - Exporting webdriver.chrome.driver as C:\Users\hassan\.cache\selenium\chromedriver\win64\131.0.6778.108\chromedriver.exe
2024-12-17 12:02:20 INFO  BaseTest:40 - Started test with URL https://testautomationpractice.blogspot.com/
2024-12-17 12:02:23 INFO  BaseTest:21 - clicked on hidden Element
2024-12-17 12:03:44 INFO  Utils:112 - [TestNG] Running:
  C:\Users\hassan\Desktop\SDET\clone\SELENIUM_YOUTUBE\src\test\java\tests\TestautSite\master.xml

2024-12-17 12:03:45 INFO  ConfigManager:53 - Configuration loaded for environment DEV
2024-12-17 12:03:45 INFO  ConfigManager:55 - Configuration loaded for browser CHROME
2024-12-17 12:03:45 INFO  WebDriverManager:1220 - Using chromedriver 131.0.6778.108 (resolved driver for Chrome 131)
2024-12-17 12:03:45 INFO  WebDriverManager:1282 - Exporting webdriver.chrome.driver as C:\Users\hassan\.cache\selenium\chromedriver\win64\131.0.6778.108\chromedriver.exe
2024-12-17 12:03:51 INFO  BaseTest:40 - Started test with URL https://testautomationpractice.blogspot.com/
2024-12-17 12:03:51 INFO  BaseTest:21 - clicked on hidden Element
2024-12-17 12:03:58 INFO  BaseTest:55 - Driver instance is quit after the test
2024-12-17 12:03:58 INFO  ConfigManager:55 - Configuration loaded for browser CHROME
2024-12-17 12:03:58 INFO  WebDriverManager:1220 - Using chromedriver 131.0.6778.108 (resolved driver for Chrome 131)
2024-12-17 12:03:58 INFO  WebDriverManager:1282 - Exporting webdriver.chrome.driver as C:\Users\hassan\.cache\selenium\chromedriver\win64\131.0.6778.108\chromedriver.exe
2024-12-17 12:04:01 INFO  BaseTest:40 - Started test with URL https://testautomationpractice.blogspot.com/
2024-12-17 12:04:05 INFO  BaseTest:55 - Driver instance is quit after the test
2024-12-17 12:11:27 INFO  Utils:112 - [TestNG] Running:
  C:\Users\hassan\Desktop\SDET\clone\SELENIUM_YOUTUBE\src\test\java\tests\TestautSite\ExtentReport\master.xml

2024-12-17 12:11:27 INFO  ConfigManager:53 - Configuration loaded for environment DEV
2024-12-17 12:11:27 INFO  ConfigManager:55 - Configuration loaded for browser CHROME
2024-12-17 12:11:27 INFO  WebDriverManager:1220 - Using chromedriver 131.0.6778.108 (resolved driver for Chrome 131)
2024-12-17 12:11:27 INFO  WebDriverManager:1282 - Exporting webdriver.chrome.driver as C:\Users\hassan\.cache\selenium\chromedriver\win64\131.0.6778.108\chromedriver.exe
2024-12-17 12:11:31 INFO  BaseTest:40 - Started test with URL https://testautomationpractice.blogspot.com/
2024-12-17 12:11:32 INFO  BaseTest:21 - clicked on hidden Element
2024-12-17 12:11:38 INFO  BaseTest:55 - Driver instance is quit after the test
2024-12-17 12:11:38 INFO  ConfigManager:55 - Configuration loaded for browser CHROME
2024-12-17 12:11:38 INFO  WebDriverManager:1220 - Using chromedriver 131.0.6778.108 (resolved driver for Chrome 131)
2024-12-17 12:11:38 INFO  WebDriverManager:1282 - Exporting webdriver.chrome.driver as C:\Users\hassan\.cache\selenium\chromedriver\win64\131.0.6778.108\chromedriver.exe
2024-12-17 12:11:43 INFO  BaseTest:40 - Started test with URL https://testautomationpractice.blogspot.com/
2024-12-17 12:11:45 INFO  BaseTest:55 - Driver instance is quit after the test
2024-12-17 18:45:45 INFO  Utils:112 - [TestNG] Running:
  C:\Users\hassan\AppData\Local\JetBrains\IdeaIC2024.1\temp-testng-customsuite.xml

2024-12-17 18:48:06 INFO  Utils:112 - [TestNG] Running:
  C:\Users\hassan\AppData\Local\JetBrains\IdeaIC2024.1\temp-testng-customsuite.xml

2024-12-17 18:48:07 INFO  ConfigManager:53 - Configuration loaded for environment DEV
2024-12-17 18:48:07 INFO  ConfigManager:55 - Configuration loaded for browser CHROME
2024-12-17 18:48:09 INFO  WebDriverManager:1220 - Using chromedriver 131.0.6778.108 (resolved driver for Chrome 131)
2024-12-17 18:48:09 INFO  WebDriverManager:1282 - Exporting webdriver.chrome.driver as C:\Users\hassan\.cache\selenium\chromedriver\win64\131.0.6778.108\chromedriver.exe
2024-12-17 18:48:15 INFO  BaseTest:40 - Started test with URL https://demo.nopcommerce.com/
2024-12-17 18:48:17 INFO  BaseTest:55 - Driver instance is quit after the test
2024-12-17 18:49:03 INFO  Utils:112 - [TestNG] Running:
  C:\Users\hassan\AppData\Local\JetBrains\IdeaIC2024.1\temp-testng-customsuite.xml

2024-12-17 18:56:23 INFO  Utils:112 - [TestNG] Running:
  C:\Users\hassan\AppData\Local\JetBrains\IdeaIC2024.1\temp-testng-customsuite.xml

2024-12-17 18:56:24 INFO  ConfigManager:53 - Configuration loaded for environment DEV
2024-12-17 18:56:24 INFO  ConfigManager:55 - Configuration loaded for browser CHROME
2024-12-17 18:56:24 INFO  WebDriverManager:1220 - Using chromedriver 131.0.6778.108 (resolved driver for Chrome 131)
2024-12-17 18:56:24 INFO  WebDriverManager:1282 - Exporting webdriver.chrome.driver as C:\Users\hassan\.cache\selenium\chromedriver\win64\131.0.6778.108\chromedriver.exe
2024-12-17 18:56:28 INFO  BaseTest:40 - Started test with URL https://demo.nopcommerce.com/
2024-12-17 18:56:31 INFO  BaseTest:55 - Driver instance is quit after the test
2024-12-17 18:57:25 INFO  Utils:112 - [TestNG] Running:
  C:\Users\hassan\AppData\Local\JetBrains\IdeaIC2024.1\temp-testng-customsuite.xml

2024-12-17 18:57:25 INFO  ConfigManager:53 - Configuration loaded for environment DEV
2024-12-17 18:57:25 INFO  ConfigManager:55 - Configuration loaded for browser CHROME
2024-12-17 18:57:26 INFO  WebDriverManager:1220 - Using chromedriver 131.0.6778.108 (resolved driver for Chrome 131)
2024-12-17 18:57:26 INFO  WebDriverManager:1282 - Exporting webdriver.chrome.driver as C:\Users\hassan\.cache\selenium\chromedriver\win64\131.0.6778.108\chromedriver.exe
2024-12-17 18:57:30 INFO  BaseTest:40 - Started test with URL https://demo.nopcommerce.com/
2024-12-17 18:57:33 INFO  BaseTest:55 - Driver instance is quit after the test
2024-12-17 18:58:41 INFO  Utils:112 - [TestNG] Running:
  C:\Users\hassan\AppData\Local\JetBrains\IdeaIC2024.1\temp-testng-customsuite.xml

2024-12-17 18:58:41 INFO  ConfigManager:53 - Configuration loaded for environment DEV
2024-12-17 18:58:41 INFO  ConfigManager:55 - Configuration loaded for browser CHROME
2024-12-17 18:58:42 INFO  WebDriverManager:1220 - Using chromedriver 131.0.6778.108 (resolved driver for Chrome 131)
2024-12-17 18:58:42 INFO  WebDriverManager:1282 - Exporting webdriver.chrome.driver as C:\Users\hassan\.cache\selenium\chromedriver\win64\131.0.6778.108\chromedriver.exe
2024-12-17 18:58:46 INFO  BaseTest:40 - Started test with URL https://demo.nopcommerce.com/
2024-12-17 18:58:48 INFO  BaseTest:55 - Driver instance is quit after the test
2024-12-18 09:08:51 INFO  Utils:112 - [TestNG] Running:
  C:\Users\hassan\AppData\Local\JetBrains\IdeaIC2024.1\temp-testng-customsuite.xml

2024-12-18 09:08:52 INFO  ConfigManager:53 - Configuration loaded for environment DEV
2024-12-18 09:08:52 INFO  ConfigManager:55 - Configuration loaded for browser CHROME
2024-12-18 09:08:53 INFO  WebDriverManager:1220 - Using chromedriver 131.0.6778.108 (resolved driver for Chrome 131)
2024-12-18 09:08:53 INFO  WebDriverManager:1282 - Exporting webdriver.chrome.driver as C:\Users\hassan\.cache\selenium\chromedriver\win64\131.0.6778.108\chromedriver.exe
2024-12-18 09:08:58 INFO  BaseTest:40 - Started test with URL https://demo.nopcommerce.com/
2024-12-18 09:09:00 INFO  BaseTest:55 - Driver instance is quit after the test
2024-12-18 09:16:10 INFO  Utils:112 - [TestNG] Running:
  C:\Users\hassan\AppData\Local\JetBrains\IdeaIC2024.1\temp-testng-customsuite.xml

2024-12-18 09:16:10 INFO  ConfigManager:53 - Configuration loaded for environment DEV
2024-12-18 09:16:10 INFO  ConfigManager:55 - Configuration loaded for browser CHROME
2024-12-18 09:16:10 INFO  WebDriverManager:1220 - Using chromedriver 131.0.6778.108 (resolved driver for Chrome 131)
2024-12-18 09:16:11 INFO  WebDriverManager:1282 - Exporting webdriver.chrome.driver as C:\Users\hassan\.cache\selenium\chromedriver\win64\131.0.6778.108\chromedriver.exe
2024-12-18 09:16:15 INFO  BaseTest:40 - Started test with URL https://demo.nopcommerce.com/
2024-12-18 09:16:17 INFO  BaseTest:55 - Driver instance is quit after the test
2024-12-18 09:18:18 INFO  Utils:112 - [TestNG] Running:
  C:\Users\hassan\AppData\Local\JetBrains\IdeaIC2024.1\temp-testng-customsuite.xml

2024-12-18 09:18:18 INFO  ConfigManager:53 - Configuration loaded for environment DEV
2024-12-18 09:18:18 INFO  ConfigManager:55 - Configuration loaded for browser CHROME
2024-12-18 09:18:19 INFO  WebDriverManager:1220 - Using chromedriver 131.0.6778.108 (resolved driver for Chrome 131)
2024-12-18 09:18:19 INFO  WebDriverManager:1282 - Exporting webdriver.chrome.driver as C:\Users\hassan\.cache\selenium\chromedriver\win64\131.0.6778.108\chromedriver.exe
2024-12-18 09:18:23 INFO  BaseTest:40 - Started test with URL https://demo.nopcommerce.com/
2024-12-18 09:18:25 INFO  BaseTest:55 - Driver instance is quit after the test
2024-12-18 09:20:28 INFO  Utils:112 - [TestNG] Running:
  C:\Users\hassan\AppData\Local\JetBrains\IdeaIC2024.1\temp-testng-customsuite.xml

2024-12-18 09:20:28 INFO  ConfigManager:53 - Configuration loaded for environment DEV
2024-12-18 09:20:28 INFO  ConfigManager:55 - Configuration loaded for browser CHROME
2024-12-18 09:20:29 INFO  WebDriverManager:1220 - Using chromedriver 131.0.6778.108 (resolved driver for Chrome 131)
2024-12-18 09:20:29 INFO  WebDriverManager:1282 - Exporting webdriver.chrome.driver as C:\Users\hassan\.cache\selenium\chromedriver\win64\131.0.6778.108\chromedriver.exe
2024-12-18 09:20:32 INFO  BaseTest:40 - Started test with URL https://demo.nopcommerce.com/
2024-12-18 09:20:34 INFO  BaseTest:55 - Driver instance is quit after the test
2024-12-18 09:21:20 INFO  Utils:112 - [TestNG] Running:
  C:\Users\hassan\AppData\Local\JetBrains\IdeaIC2024.1\temp-testng-customsuite.xml

2024-12-18 09:21:21 INFO  ConfigManager:53 - Configuration loaded for environment DEV
2024-12-18 09:21:21 INFO  ConfigManager:55 - Configuration loaded for browser CHROME
2024-12-18 09:21:21 INFO  WebDriverManager:1220 - Using chromedriver 131.0.6778.108 (resolved driver for Chrome 131)
2024-12-18 09:21:21 INFO  WebDriverManager:1282 - Exporting webdriver.chrome.driver as C:\Users\hassan\.cache\selenium\chromedriver\win64\131.0.6778.108\chromedriver.exe
2024-12-18 09:21:25 INFO  BaseTest:40 - Started test with URL https://demo.nopcommerce.com/
2024-12-18 09:21:26 INFO  BaseTest:55 - Driver instance is quit after the test
2024-12-18 09:21:57 INFO  Utils:112 - [TestNG] Running:
  C:\Users\hassan\AppData\Local\JetBrains\IdeaIC2024.1\temp-testng-customsuite.xml

2024-12-18 09:21:58 INFO  ConfigManager:53 - Configuration loaded for environment DEV
2024-12-18 09:21:58 INFO  ConfigManager:55 - Configuration loaded for browser CHROME
2024-12-18 09:21:58 INFO  WebDriverManager:1220 - Using chromedriver 131.0.6778.108 (resolved driver for Chrome 131)
2024-12-18 09:21:58 INFO  WebDriverManager:1282 - Exporting webdriver.chrome.driver as C:\Users\hassan\.cache\selenium\chromedriver\win64\131.0.6778.108\chromedriver.exe
2024-12-18 09:22:04 INFO  BaseTest:40 - Started test with URL https://demo.nopcommerce.com/
2024-12-18 09:22:24 INFO  Utils:112 - [TestNG] Running:
  C:\Users\hassan\AppData\Local\JetBrains\IdeaIC2024.1\temp-testng-customsuite.xml

2024-12-18 09:22:24 INFO  ConfigManager:53 - Configuration loaded for environment DEV
2024-12-18 09:22:24 INFO  ConfigManager:55 - Configuration loaded for browser CHROME
2024-12-18 09:22:24 INFO  WebDriverManager:1220 - Using chromedriver 131.0.6778.108 (resolved driver for Chrome 131)
2024-12-18 09:22:24 INFO  WebDriverManager:1282 - Exporting webdriver.chrome.driver as C:\Users\hassan\.cache\selenium\chromedriver\win64\131.0.6778.108\chromedriver.exe
2024-12-18 09:22:29 INFO  BaseTest:40 - Started test with URL https://demo.nopcommerce.com/
2024-12-18 09:22:55 INFO  Utils:112 - [TestNG] Running:
  C:\Users\hassan\AppData\Local\JetBrains\IdeaIC2024.1\temp-testng-customsuite.xml

2024-12-18 09:22:55 INFO  ConfigManager:53 - Configuration loaded for environment DEV
2024-12-18 09:22:55 INFO  ConfigManager:55 - Configuration loaded for browser CHROME
2024-12-18 09:22:56 INFO  WebDriverManager:1220 - Using chromedriver 131.0.6778.108 (resolved driver for Chrome 131)
2024-12-18 09:22:56 INFO  WebDriverManager:1282 - Exporting webdriver.chrome.driver as C:\Users\hassan\.cache\selenium\chromedriver\win64\131.0.6778.108\chromedriver.exe
2024-12-18 09:23:02 INFO  BaseTest:40 - Started test with URL https://demo.nopcommerce.com/
2024-12-18 09:29:31 INFO  Utils:112 - [TestNG] Running:
  C:\Users\hassan\AppData\Local\JetBrains\IdeaIC2024.1\temp-testng-customsuite.xml

2024-12-18 09:29:31 INFO  ConfigManager:53 - Configuration loaded for environment DEV
2024-12-18 09:29:31 INFO  ConfigManager:55 - Configuration loaded for browser FIREFOX
2024-12-18 09:29:33 INFO  WebDriverManager:1220 - Using geckodriver 0.35.0 (resolved driver for Firefox 133)
2024-12-18 09:29:33 INFO  WebDriverManager:1282 - Exporting webdriver.gecko.driver as C:\Users\hassan\.cache\selenium\geckodriver\win64\0.35.0\geckodriver.exe
2024-12-18 09:29:41 INFO  BaseTest:40 - Started test with URL https://demo.nopcommerce.com/
2024-12-18 09:30:00 INFO  Utils:112 - [TestNG] Running:
  C:\Users\hassan\AppData\Local\JetBrains\IdeaIC2024.1\temp-testng-customsuite.xml

2024-12-18 09:30:00 INFO  ConfigManager:53 - Configuration loaded for environment DEV
2024-12-18 09:30:00 INFO  ConfigManager:55 - Configuration loaded for browser FIREFOX
2024-12-18 09:30:01 INFO  WebDriverManager:1220 - Using geckodriver 0.35.0 (resolved driver for Firefox 133)
2024-12-18 09:30:01 INFO  WebDriverManager:1282 - Exporting webdriver.gecko.driver as C:\Users\hassan\.cache\selenium\geckodriver\win64\0.35.0\geckodriver.exe
2024-12-18 09:30:09 INFO  BaseTest:40 - Started test with URL https://demo.nopcommerce.com/
2024-12-18 09:30:25 INFO  Utils:112 - [TestNG] Running:
  C:\Users\hassan\AppData\Local\JetBrains\IdeaIC2024.1\temp-testng-customsuite.xml

2024-12-18 09:30:25 INFO  ConfigManager:53 - Configuration loaded for environment DEV
2024-12-18 09:30:25 INFO  ConfigManager:55 - Configuration loaded for browser FIREFOX
2024-12-18 09:30:25 INFO  WebDriverManager:1220 - Using geckodriver 0.35.0 (resolved driver for Firefox 133)
2024-12-18 09:30:25 INFO  WebDriverManager:1282 - Exporting webdriver.gecko.driver as C:\Users\hassan\.cache\selenium\geckodriver\win64\0.35.0\geckodriver.exe
2024-12-18 09:30:34 INFO  BaseTest:40 - Started test with URL https://demo.nopcommerce.com/
2024-12-18 09:30:50 INFO  Utils:112 - [TestNG] Running:
  C:\Users\hassan\AppData\Local\JetBrains\IdeaIC2024.1\temp-testng-customsuite.xml

2024-12-18 09:30:50 INFO  ConfigManager:53 - Configuration loaded for environment DEV
2024-12-18 09:30:50 INFO  ConfigManager:55 - Configuration loaded for browser FIREFOX
2024-12-18 09:30:50 INFO  WebDriverManager:1220 - Using geckodriver 0.35.0 (resolved driver for Firefox 133)
2024-12-18 09:30:51 INFO  WebDriverManager:1282 - Exporting webdriver.gecko.driver as C:\Users\hassan\.cache\selenium\geckodriver\win64\0.35.0\geckodriver.exe
2024-12-18 09:30:58 INFO  BaseTest:40 - Started test with URL https://demo.nopcommerce.com/
2024-12-18 09:31:27 INFO  Utils:112 - [TestNG] Running:
  C:\Users\hassan\AppData\Local\JetBrains\IdeaIC2024.1\temp-testng-customsuite.xml

2024-12-18 09:31:27 INFO  ConfigManager:53 - Configuration loaded for environment DEV
2024-12-18 09:31:27 INFO  ConfigManager:55 - Configuration loaded for browser FIREFOX
2024-12-18 09:31:27 INFO  WebDriverManager:1220 - Using geckodriver 0.35.0 (resolved driver for Firefox 133)
2024-12-18 09:31:28 INFO  WebDriverManager:1282 - Exporting webdriver.gecko.driver as C:\Users\hassan\.cache\selenium\geckodriver\win64\0.35.0\geckodriver.exe
2024-12-18 09:31:36 INFO  BaseTest:40 - Started test with URL https://demo.nopcommerce.com/
2024-12-18 09:31:52 INFO  Utils:112 - [TestNG] Running:
  C:\Users\hassan\AppData\Local\JetBrains\IdeaIC2024.1\temp-testng-customsuite.xml

2024-12-18 09:31:52 INFO  ConfigManager:53 - Configuration loaded for environment DEV
2024-12-18 09:31:52 INFO  ConfigManager:55 - Configuration loaded for browser FIREFOX
2024-12-18 09:31:53 INFO  WebDriverManager:1220 - Using geckodriver 0.35.0 (resolved driver for Firefox 133)
2024-12-18 09:31:53 INFO  WebDriverManager:1282 - Exporting webdriver.gecko.driver as C:\Users\hassan\.cache\selenium\geckodriver\win64\0.35.0\geckodriver.exe
2024-12-18 09:32:04 INFO  BaseTest:40 - Started test with URL https://demo.nopcommerce.com/
2024-12-18 09:32:20 INFO  Utils:112 - [TestNG] Running:
  C:\Users\hassan\AppData\Local\JetBrains\IdeaIC2024.1\temp-testng-customsuite.xml

2024-12-18 09:32:21 INFO  ConfigManager:53 - Configuration loaded for environment DEV
2024-12-18 09:32:21 INFO  ConfigManager:55 - Configuration loaded for browser FIREFOX
2024-12-18 09:32:21 INFO  WebDriverManager:1220 - Using geckodriver 0.35.0 (resolved driver for Firefox 133)
2024-12-18 09:32:21 INFO  WebDriverManager:1282 - Exporting webdriver.gecko.driver as C:\Users\hassan\.cache\selenium\geckodriver\win64\0.35.0\geckodriver.exe
2024-12-18 09:32:29 INFO  BaseTest:40 - Started test with URL https://demo.nopcommerce.com/
2024-12-18 09:36:05 INFO  Utils:112 - [TestNG] Running:
  C:\Users\hassan\AppData\Local\JetBrains\IdeaIC2024.1\temp-testng-customsuite.xml

2024-12-18 09:36:05 INFO  ConfigManager:53 - Configuration loaded for environment DEV
2024-12-18 09:36:05 INFO  ConfigManager:55 - Configuration loaded for browser FIREFOX
2024-12-18 09:36:05 INFO  WebDriverManager:1220 - Using geckodriver 0.35.0 (resolved driver for Firefox 133)
2024-12-18 09:36:05 INFO  WebDriverManager:1282 - Exporting webdriver.gecko.driver as C:\Users\hassan\.cache\selenium\geckodriver\win64\0.35.0\geckodriver.exe
2024-12-18 09:36:14 INFO  BaseTest:40 - Started test with URL https://dribbble.com/
2024-12-18 09:37:50 INFO  Utils:112 - [TestNG] Running:
  C:\Users\hassan\AppData\Local\JetBrains\IdeaIC2024.1\temp-testng-customsuite.xml

2024-12-18 09:37:50 INFO  ConfigManager:53 - Configuration loaded for environment DEV
2024-12-18 09:37:50 INFO  ConfigManager:55 - Configuration loaded for browser FIREFOX
2024-12-18 09:37:51 INFO  WebDriverManager:1220 - Using geckodriver 0.35.0 (resolved driver for Firefox 133)
2024-12-18 09:37:51 INFO  WebDriverManager:1282 - Exporting webdriver.gecko.driver as C:\Users\hassan\.cache\selenium\geckodriver\win64\0.35.0\geckodriver.exe
2024-12-18 09:37:59 INFO  BaseTest:40 - Started test with URL https://dribbble.com/
2024-12-18 09:44:17 INFO  Utils:112 - [TestNG] Running:
  C:\Users\hassan\AppData\Local\JetBrains\IdeaIC2024.1\temp-testng-customsuite.xml

2024-12-18 09:44:17 INFO  ConfigManager:53 - Configuration loaded for environment DEV
2024-12-18 09:44:17 INFO  ConfigManager:55 - Configuration loaded for browser FIREFOX
2024-12-18 09:44:18 INFO  WebDriverManager:1220 - Using geckodriver 0.35.0 (resolved driver for Firefox 133)
2024-12-18 09:44:18 INFO  WebDriverManager:1282 - Exporting webdriver.gecko.driver as C:\Users\hassan\.cache\selenium\geckodriver\win64\0.35.0\geckodriver.exe
2024-12-18 09:44:30 INFO  BaseTest:40 - Started test with URL https://practice.automationtesting.in/
2024-12-18 09:45:04 INFO  Utils:112 - [TestNG] Running:
  C:\Users\hassan\AppData\Local\JetBrains\IdeaIC2024.1\temp-testng-customsuite.xml

2024-12-18 09:45:04 INFO  ConfigManager:53 - Configuration loaded for environment DEV
2024-12-18 09:45:04 INFO  ConfigManager:55 - Configuration loaded for browser FIREFOX
2024-12-18 09:45:04 INFO  WebDriverManager:1220 - Using geckodriver 0.35.0 (resolved driver for Firefox 133)
2024-12-18 09:45:04 INFO  WebDriverManager:1282 - Exporting webdriver.gecko.driver as C:\Users\hassan\.cache\selenium\geckodriver\win64\0.35.0\geckodriver.exe
2024-12-18 09:45:19 INFO  BaseTest:40 - Started test with URL https://practice.automationtesting.in/
2024-12-18 09:45:32 INFO  Utils:112 - [TestNG] Running:
  C:\Users\hassan\AppData\Local\JetBrains\IdeaIC2024.1\temp-testng-customsuite.xml

2024-12-18 09:45:32 INFO  ConfigManager:53 - Configuration loaded for environment DEV
2024-12-18 09:45:32 INFO  ConfigManager:55 - Configuration loaded for browser FIREFOX
2024-12-18 09:45:33 INFO  WebDriverManager:1220 - Using geckodriver 0.35.0 (resolved driver for Firefox 133)
2024-12-18 09:45:33 INFO  WebDriverManager:1282 - Exporting webdriver.gecko.driver as C:\Users\hassan\.cache\selenium\geckodriver\win64\0.35.0\geckodriver.exe
2024-12-18 09:45:48 INFO  BaseTest:40 - Started test with URL https://practice.automationtesting.in/
2024-12-18 09:46:36 INFO  Utils:112 - [TestNG] Running:
  C:\Users\hassan\AppData\Local\JetBrains\IdeaIC2024.1\temp-testng-customsuite.xml

2024-12-18 09:46:37 INFO  ConfigManager:53 - Configuration loaded for environment DEV
2024-12-18 09:46:37 INFO  ConfigManager:55 - Configuration loaded for browser FIREFOX
2024-12-18 09:46:37 INFO  WebDriverManager:1220 - Using geckodriver 0.35.0 (resolved driver for Firefox 133)
2024-12-18 09:46:37 INFO  WebDriverManager:1282 - Exporting webdriver.gecko.driver as C:\Users\hassan\.cache\selenium\geckodriver\win64\0.35.0\geckodriver.exe
2024-12-18 09:46:57 INFO  BaseTest:40 - Started test with URL https://practice.automationtesting.in/
2024-12-18 09:48:51 INFO  Utils:112 - [TestNG] Running:
  C:\Users\hassan\AppData\Local\JetBrains\IdeaIC2024.1\temp-testng-customsuite.xml

2024-12-18 09:48:51 INFO  ConfigManager:53 - Configuration loaded for environment DEV
2024-12-18 09:48:51 INFO  ConfigManager:55 - Configuration loaded for browser FIREFOX
2024-12-18 09:48:52 INFO  WebDriverManager:1220 - Using geckodriver 0.35.0 (resolved driver for Firefox 133)
2024-12-18 09:48:52 INFO  WebDriverManager:1282 - Exporting webdriver.gecko.driver as C:\Users\hassan\.cache\selenium\geckodriver\win64\0.35.0\geckodriver.exe
2024-12-18 09:49:08 INFO  BaseTest:40 - Started test with URL https://practice.automationtesting.in/
2024-12-18 09:50:36 INFO  Utils:112 - [TestNG] Running:
  C:\Users\hassan\AppData\Local\JetBrains\IdeaIC2024.1\temp-testng-customsuite.xml

2024-12-18 09:50:36 INFO  ConfigManager:53 - Configuration loaded for environment DEV
2024-12-18 09:50:36 INFO  ConfigManager:55 - Configuration loaded for browser FIREFOX
2024-12-18 09:50:37 INFO  WebDriverManager:1220 - Using geckodriver 0.35.0 (resolved driver for Firefox 133)
2024-12-18 09:50:37 INFO  WebDriverManager:1282 - Exporting webdriver.gecko.driver as C:\Users\hassan\.cache\selenium\geckodriver\win64\0.35.0\geckodriver.exe
2024-12-18 09:50:53 INFO  BaseTest:40 - Started test with URL https://practice.automationtesting.in/
2024-12-18 09:51:19 INFO  Utils:112 - [TestNG] Running:
  C:\Users\hassan\AppData\Local\JetBrains\IdeaIC2024.1\temp-testng-customsuite.xml

2024-12-18 09:51:19 INFO  ConfigManager:53 - Configuration loaded for environment DEV
2024-12-18 09:51:19 INFO  ConfigManager:55 - Configuration loaded for browser CHROME
2024-12-18 09:51:20 INFO  WebDriverManager:1220 - Using chromedriver 131.0.6778.108 (resolved driver for Chrome 131)
2024-12-18 09:51:20 INFO  WebDriverManager:1282 - Exporting webdriver.chrome.driver as C:\Users\hassan\.cache\selenium\chromedriver\win64\131.0.6778.108\chromedriver.exe
2024-12-18 09:51:28 INFO  BaseTest:40 - Started test with URL https://practice.automationtesting.in/
2024-12-18 09:51:51 INFO  Utils:112 - [TestNG] Running:
  C:\Users\hassan\AppData\Local\JetBrains\IdeaIC2024.1\temp-testng-customsuite.xml

2024-12-18 09:51:51 INFO  ConfigManager:53 - Configuration loaded for environment DEV
2024-12-18 09:51:51 INFO  ConfigManager:55 - Configuration loaded for browser CHROME
2024-12-18 09:51:52 INFO  WebDriverManager:1220 - Using chromedriver 131.0.6778.108 (resolved driver for Chrome 131)
2024-12-18 09:51:52 INFO  WebDriverManager:1282 - Exporting webdriver.chrome.driver as C:\Users\hassan\.cache\selenium\chromedriver\win64\131.0.6778.108\chromedriver.exe
2024-12-18 09:52:10 INFO  BaseTest:40 - Started test with URL https://practice.automationtesting.in/
2024-12-18 09:53:13 INFO  Utils:112 - [TestNG] Running:
  C:\Users\hassan\AppData\Local\JetBrains\IdeaIC2024.1\temp-testng-customsuite.xml

2024-12-18 09:53:13 INFO  ConfigManager:53 - Configuration loaded for environment DEV
2024-12-18 09:53:13 INFO  ConfigManager:55 - Configuration loaded for browser CHROME
2024-12-18 09:53:14 INFO  WebDriverManager:1220 - Using chromedriver 131.0.6778.108 (resolved driver for Chrome 131)
2024-12-18 09:53:14 INFO  WebDriverManager:1282 - Exporting webdriver.chrome.driver as C:\Users\hassan\.cache\selenium\chromedriver\win64\131.0.6778.108\chromedriver.exe
2024-12-18 09:53:20 INFO  BaseTest:40 - Started test with URL https://practice.automationtesting.in/
2024-12-18 09:56:28 INFO  Utils:112 - [TestNG] Running:
  C:\Users\hassan\AppData\Local\JetBrains\IdeaIC2024.1\temp-testng-customsuite.xml

2024-12-18 09:56:28 INFO  ConfigManager:53 - Configuration loaded for environment DEV
2024-12-18 09:56:28 INFO  ConfigManager:55 - Configuration loaded for browser CHROME
2024-12-18 09:56:29 INFO  WebDriverManager:1220 - Using chromedriver 131.0.6778.108 (resolved driver for Chrome 131)
2024-12-18 09:56:29 INFO  WebDriverManager:1282 - Exporting webdriver.chrome.driver as C:\Users\hassan\.cache\selenium\chromedriver\win64\131.0.6778.108\chromedriver.exe
2024-12-18 09:56:47 INFO  BaseTest:40 - Started test with URL https://practice.automationtesting.in/
2024-12-18 09:57:25 INFO  Utils:112 - [TestNG] Running:
  C:\Users\hassan\AppData\Local\JetBrains\IdeaIC2024.1\temp-testng-customsuite.xml

2024-12-18 09:57:25 INFO  ConfigManager:53 - Configuration loaded for environment DEV
2024-12-18 09:57:25 INFO  ConfigManager:55 - Configuration loaded for browser CHROME
2024-12-18 09:57:25 INFO  WebDriverManager:1220 - Using chromedriver 131.0.6778.108 (resolved driver for Chrome 131)
2024-12-18 09:57:25 INFO  WebDriverManager:1282 - Exporting webdriver.chrome.driver as C:\Users\hassan\.cache\selenium\chromedriver\win64\131.0.6778.108\chromedriver.exe
2024-12-18 09:57:44 INFO  BaseTest:40 - Started test with URL https://practice.automationtesting.in/
2024-12-18 09:58:49 INFO  Utils:112 - [TestNG] Running:
  C:\Users\hassan\AppData\Local\JetBrains\IdeaIC2024.1\temp-testng-customsuite.xml

2024-12-18 09:58:49 INFO  ConfigManager:53 - Configuration loaded for environment DEV
2024-12-18 09:58:49 INFO  ConfigManager:55 - Configuration loaded for browser CHROME
2024-12-18 09:58:50 INFO  WebDriverManager:1220 - Using chromedriver 131.0.6778.108 (resolved driver for Chrome 131)
2024-12-18 09:58:50 INFO  WebDriverManager:1282 - Exporting webdriver.chrome.driver as C:\Users\hassan\.cache\selenium\chromedriver\win64\131.0.6778.108\chromedriver.exe
2024-12-18 09:59:40 INFO  BaseTest:40 - Started test with URL https://practice.automationtesting.in/
2024-12-18 09:59:49 INFO  Utils:112 - [TestNG] Running:
  C:\Users\hassan\AppData\Local\JetBrains\IdeaIC2024.1\temp-testng-customsuite.xml

2024-12-18 09:59:49 INFO  ConfigManager:53 - Configuration loaded for environment DEV
2024-12-18 09:59:49 INFO  ConfigManager:55 - Configuration loaded for browser CHROME
2024-12-18 09:59:50 INFO  WebDriverManager:1220 - Using chromedriver 131.0.6778.108 (resolved driver for Chrome 131)
2024-12-18 09:59:50 INFO  WebDriverManager:1282 - Exporting webdriver.chrome.driver as C:\Users\hassan\.cache\selenium\chromedriver\win64\131.0.6778.108\chromedriver.exe
2024-12-18 09:59:55 INFO  BaseTest:40 - Started test with URL https://practice.automationtesting.in/
2024-12-18 10:02:37 INFO  Utils:112 - [TestNG] Running:
  C:\Users\hassan\AppData\Local\JetBrains\IdeaIC2024.1\temp-testng-customsuite.xml

2024-12-18 10:02:37 INFO  ConfigManager:53 - Configuration loaded for environment DEV
2024-12-18 10:02:37 INFO  ConfigManager:55 - Configuration loaded for browser CHROME
2024-12-18 10:02:38 INFO  WebDriverManager:1220 - Using chromedriver 131.0.6778.108 (resolved driver for Chrome 131)
2024-12-18 10:02:38 INFO  WebDriverManager:1282 - Exporting webdriver.chrome.driver as C:\Users\hassan\.cache\selenium\chromedriver\win64\131.0.6778.108\chromedriver.exe
2024-12-18 10:02:43 INFO  BaseTest:40 - Started test with URL https://practice.automationtesting.in/
2024-12-18 10:08:59 INFO  Utils:112 - [TestNG] Running:
  C:\Users\hassan\AppData\Local\JetBrains\IdeaIC2024.1\temp-testng-customsuite.xml

2024-12-18 10:09:00 INFO  ConfigManager:53 - Configuration loaded for environment DEV
2024-12-18 10:09:00 INFO  ConfigManager:55 - Configuration loaded for browser CHROME
2024-12-18 10:09:02 INFO  WebDriverManager:1220 - Using chromedriver 131.0.6778.108 (resolved driver for Chrome 131)
2024-12-18 10:09:02 INFO  WebDriverManager:1282 - Exporting webdriver.chrome.driver as C:\Users\hassan\.cache\selenium\chromedriver\win64\131.0.6778.108\chromedriver.exe
2024-12-18 10:09:10 INFO  BaseTest:40 - Started test with URL https://practice.automationtesting.in/
2024-12-18 10:10:50 INFO  Utils:112 - [TestNG] Running:
  C:\Users\hassan\AppData\Local\JetBrains\IdeaIC2024.1\temp-testng-customsuite.xml

2024-12-18 10:10:51 INFO  ConfigManager:53 - Configuration loaded for environment DEV
2024-12-18 10:10:51 INFO  ConfigManager:55 - Configuration loaded for browser CHROME
2024-12-18 10:10:51 INFO  WebDriverManager:1220 - Using chromedriver 131.0.6778.108 (resolved driver for Chrome 131)
2024-12-18 10:10:52 INFO  WebDriverManager:1282 - Exporting webdriver.chrome.driver as C:\Users\hassan\.cache\selenium\chromedriver\win64\131.0.6778.108\chromedriver.exe
2024-12-18 10:10:57 INFO  BaseTest:40 - Started test with URL https://practice.automationtesting.in/
2024-12-18 10:12:29 INFO  Utils:112 - [TestNG] Running:
  C:\Users\hassan\AppData\Local\JetBrains\IdeaIC2024.1\temp-testng-customsuite.xml

2024-12-18 10:12:30 INFO  ConfigManager:53 - Configuration loaded for environment DEV
2024-12-18 10:12:30 INFO  ConfigManager:55 - Configuration loaded for browser CHROME
2024-12-18 10:12:31 INFO  WebDriverManager:1220 - Using chromedriver 131.0.6778.108 (resolved driver for Chrome 131)
2024-12-18 10:12:31 INFO  WebDriverManager:1282 - Exporting webdriver.chrome.driver as C:\Users\hassan\.cache\selenium\chromedriver\win64\131.0.6778.108\chromedriver.exe
2024-12-18 10:12:38 INFO  BaseTest:40 - Started test with URL https://practice.automationtesting.in/
2024-12-18 10:14:46 INFO  Utils:112 - [TestNG] Running:
  C:\Users\hassan\AppData\Local\JetBrains\IdeaIC2024.1\temp-testng-customsuite.xml

2024-12-18 10:14:46 INFO  ConfigManager:53 - Configuration loaded for environment DEV
2024-12-18 10:14:46 INFO  ConfigManager:55 - Configuration loaded for browser CHROME
2024-12-18 10:14:47 INFO  WebDriverManager:1220 - Using chromedriver 131.0.6778.108 (resolved driver for Chrome 131)
2024-12-18 10:14:47 INFO  WebDriverManager:1282 - Exporting webdriver.chrome.driver as C:\Users\hassan\.cache\selenium\chromedriver\win64\131.0.6778.108\chromedriver.exe
2024-12-18 10:14:54 INFO  BaseTest:40 - Started test with URL https://practice.automationtesting.in/
2024-12-18 10:15:46 INFO  ConfigManager:53 - Configuration loaded for environment DEV
2024-12-18 10:15:46 INFO  ConfigManager:55 - Configuration loaded for browser CHROME
2024-12-18 10:15:46 INFO  WebDriverManager:1220 - Using chromedriver 131.0.6778.108 (resolved driver for Chrome 131)
2024-12-18 10:15:46 INFO  WebDriverManager:1282 - Exporting webdriver.chrome.driver as C:\Users\hassan\.cache\selenium\chromedriver\win64\131.0.6778.108\chromedriver.exe
2024-12-18 10:15:52 INFO  BaseTest:40 - Started test with URL https://practice.automationtesting.in/
2024-12-18 10:17:09 INFO  Utils:112 - [TestNG] Running:
  C:\Users\hassan\AppData\Local\JetBrains\IdeaIC2024.1\temp-testng-customsuite.xml

2024-12-18 10:17:10 INFO  ConfigManager:53 - Configuration loaded for environment DEV
2024-12-18 10:17:10 INFO  ConfigManager:55 - Configuration loaded for browser CHROME
2024-12-18 10:17:11 INFO  WebDriverManager:1220 - Using chromedriver 131.0.6778.108 (resolved driver for Chrome 131)
2024-12-18 10:17:11 INFO  WebDriverManager:1282 - Exporting webdriver.chrome.driver as C:\Users\hassan\.cache\selenium\chromedriver\win64\131.0.6778.108\chromedriver.exe
2024-12-18 10:17:17 INFO  BaseTest:40 - Started test with URL https://practice.automationtesting.in/
2024-12-18 10:19:09 INFO  Utils:112 - [TestNG] Running:
  C:\Users\hassan\AppData\Local\JetBrains\IdeaIC2024.1\temp-testng-customsuite.xml

2024-12-18 10:19:10 INFO  ConfigManager:53 - Configuration loaded for environment DEV
2024-12-18 10:19:10 INFO  ConfigManager:55 - Configuration loaded for browser CHROME
2024-12-18 10:19:11 INFO  WebDriverManager:1220 - Using chromedriver 131.0.6778.108 (resolved driver for Chrome 131)
2024-12-18 10:19:11 INFO  WebDriverManager:1282 - Exporting webdriver.chrome.driver as C:\Users\hassan\.cache\selenium\chromedriver\win64\131.0.6778.108\chromedriver.exe
2024-12-18 10:19:30 INFO  BaseTest:40 - Started test with URL https://practice.automationtesting.in/
2024-12-18 10:20:49 INFO  Utils:112 - [TestNG] Running:
  C:\Users\hassan\AppData\Local\JetBrains\IdeaIC2024.1\temp-testng-customsuite.xml

2024-12-18 10:20:50 INFO  ConfigManager:53 - Configuration loaded for environment DEV
2024-12-18 10:20:50 INFO  ConfigManager:55 - Configuration loaded for browser CHROME
2024-12-18 10:20:50 INFO  WebDriverManager:1220 - Using chromedriver 131.0.6778.108 (resolved driver for Chrome 131)
2024-12-18 10:20:50 INFO  WebDriverManager:1282 - Exporting webdriver.chrome.driver as C:\Users\hassan\.cache\selenium\chromedriver\win64\131.0.6778.108\chromedriver.exe
2024-12-18 10:20:59 INFO  BaseTest:40 - Started test with URL https://practice.automationtesting.in/
2024-12-18 10:21:52 INFO  Utils:112 - [TestNG] Running:
  C:\Users\hassan\AppData\Local\JetBrains\IdeaIC2024.1\temp-testng-customsuite.xml

2024-12-18 10:21:52 INFO  ConfigManager:53 - Configuration loaded for environment DEV
2024-12-18 10:21:52 INFO  ConfigManager:55 - Configuration loaded for browser CHROME
2024-12-18 10:21:53 INFO  WebDriverManager:1220 - Using chromedriver 131.0.6778.108 (resolved driver for Chrome 131)
2024-12-18 10:21:53 INFO  WebDriverManager:1282 - Exporting webdriver.chrome.driver as C:\Users\hassan\.cache\selenium\chromedriver\win64\131.0.6778.108\chromedriver.exe
2024-12-18 10:21:59 INFO  BaseTest:40 - Started test with URL https://practice.automationtesting.in/
2024-12-18 10:25:13 INFO  Utils:112 - [TestNG] Running:
  C:\Users\hassan\AppData\Local\JetBrains\IdeaIC2024.1\temp-testng-customsuite.xml

2024-12-18 10:25:14 INFO  ConfigManager:53 - Configuration loaded for environment DEV
2024-12-18 10:25:14 INFO  ConfigManager:55 - Configuration loaded for browser CHROME
2024-12-18 10:25:15 INFO  WebDriverManager:1220 - Using chromedriver 131.0.6778.108 (resolved driver for Chrome 131)
2024-12-18 10:25:15 INFO  WebDriverManager:1282 - Exporting webdriver.chrome.driver as C:\Users\hassan\.cache\selenium\chromedriver\win64\131.0.6778.108\chromedriver.exe
2024-12-18 10:25:20 INFO  BaseTest:40 - Started test with URL https://practice.automationtesting.in/
2024-12-18 10:26:19 INFO  Utils:112 - [TestNG] Running:
  C:\Users\hassan\AppData\Local\JetBrains\IdeaIC2024.1\temp-testng-customsuite.xml

2024-12-18 10:26:20 INFO  ConfigManager:53 - Configuration loaded for environment DEV
2024-12-18 10:26:20 INFO  ConfigManager:55 - Configuration loaded for browser CHROME
2024-12-18 10:26:21 INFO  WebDriverManager:1220 - Using chromedriver 131.0.6778.108 (resolved driver for Chrome 131)
2024-12-18 10:26:21 INFO  WebDriverManager:1282 - Exporting webdriver.chrome.driver as C:\Users\hassan\.cache\selenium\chromedriver\win64\131.0.6778.108\chromedriver.exe
2024-12-18 10:26:37 INFO  BaseTest:40 - Started test with URL https://practice.automationtesting.in/
2024-12-18 10:27:06 INFO  Utils:112 - [TestNG] Running:
  C:\Users\hassan\AppData\Local\JetBrains\IdeaIC2024.1\temp-testng-customsuite.xml

2024-12-18 10:27:06 INFO  ConfigManager:53 - Configuration loaded for environment DEV
2024-12-18 10:27:06 INFO  ConfigManager:55 - Configuration loaded for browser CHROME
2024-12-18 10:27:07 INFO  WebDriverManager:1220 - Using chromedriver 131.0.6778.108 (resolved driver for Chrome 131)
2024-12-18 10:27:07 INFO  WebDriverManager:1282 - Exporting webdriver.chrome.driver as C:\Users\hassan\.cache\selenium\chromedriver\win64\131.0.6778.108\chromedriver.exe
2024-12-18 10:27:13 INFO  BaseTest:40 - Started test with URL https://practice.automationtesting.in/
2024-12-18 10:28:31 INFO  Utils:112 - [TestNG] Running:
  C:\Users\hassan\AppData\Local\JetBrains\IdeaIC2024.1\temp-testng-customsuite.xml

2024-12-18 10:28:31 INFO  ConfigManager:53 - Configuration loaded for environment DEV
2024-12-18 10:28:31 INFO  ConfigManager:55 - Configuration loaded for browser CHROME
2024-12-18 10:28:32 INFO  WebDriverManager:1220 - Using chromedriver 131.0.6778.108 (resolved driver for Chrome 131)
2024-12-18 10:28:32 INFO  WebDriverManager:1282 - Exporting webdriver.chrome.driver as C:\Users\hassan\.cache\selenium\chromedriver\win64\131.0.6778.108\chromedriver.exe
2024-12-18 10:28:38 INFO  BaseTest:40 - Started test with URL https://practice.automationtesting.in/
2024-12-18 10:30:19 INFO  Utils:112 - [TestNG] Running:
  C:\Users\hassan\AppData\Local\JetBrains\IdeaIC2024.1\temp-testng-customsuite.xml

2024-12-18 10:30:20 INFO  ConfigManager:53 - Configuration loaded for environment DEV
2024-12-18 10:30:20 INFO  ConfigManager:55 - Configuration loaded for browser CHROME
2024-12-18 10:30:21 INFO  WebDriverManager:1220 - Using chromedriver 131.0.6778.108 (resolved driver for Chrome 131)
2024-12-18 10:30:21 INFO  WebDriverManager:1282 - Exporting webdriver.chrome.driver as C:\Users\hassan\.cache\selenium\chromedriver\win64\131.0.6778.108\chromedriver.exe
2024-12-18 10:30:28 INFO  BaseTest:40 - Started test with URL https://practice.automationtesting.in/
2024-12-18 10:32:17 INFO  Utils:112 - [TestNG] Running:
  C:\Users\hassan\AppData\Local\JetBrains\IdeaIC2024.1\temp-testng-customsuite.xml

2024-12-18 10:32:17 INFO  ConfigManager:53 - Configuration loaded for environment DEV
2024-12-18 10:32:17 INFO  ConfigManager:55 - Configuration loaded for browser CHROME
2024-12-18 10:32:18 INFO  WebDriverManager:1220 - Using chromedriver 131.0.6778.108 (resolved driver for Chrome 131)
2024-12-18 10:32:18 INFO  WebDriverManager:1282 - Exporting webdriver.chrome.driver as C:\Users\hassan\.cache\selenium\chromedriver\win64\131.0.6778.108\chromedriver.exe
2024-12-18 10:32:25 INFO  BaseTest:40 - Started test with URL https://practice.automationtesting.in/
2024-12-18 10:34:53 INFO  Utils:112 - [TestNG] Running:
  C:\Users\hassan\AppData\Local\JetBrains\IdeaIC2024.1\temp-testng-customsuite.xml

2024-12-18 10:34:53 INFO  ConfigManager:53 - Configuration loaded for environment DEV
2024-12-18 10:34:53 INFO  ConfigManager:55 - Configuration loaded for browser CHROME
2024-12-18 10:34:54 INFO  WebDriverManager:1220 - Using chromedriver 131.0.6778.108 (resolved driver for Chrome 131)
2024-12-18 10:34:54 INFO  WebDriverManager:1282 - Exporting webdriver.chrome.driver as C:\Users\hassan\.cache\selenium\chromedriver\win64\131.0.6778.108\chromedriver.exe
2024-12-18 10:35:01 INFO  BaseTest:40 - Started test with URL https://practice.automationtesting.in/
2024-12-18 10:38:16 INFO  Utils:112 - [TestNG] Running:
  C:\Users\hassan\AppData\Local\JetBrains\IdeaIC2024.1\temp-testng-customsuite.xml

2024-12-18 10:38:17 INFO  ConfigManager:53 - Configuration loaded for environment DEV
2024-12-18 10:38:17 INFO  ConfigManager:55 - Configuration loaded for browser CHROME
2024-12-18 10:38:18 INFO  WebDriverManager:1220 - Using chromedriver 131.0.6778.108 (resolved driver for Chrome 131)
2024-12-18 10:38:18 INFO  WebDriverManager:1282 - Exporting webdriver.chrome.driver as C:\Users\hassan\.cache\selenium\chromedriver\win64\131.0.6778.108\chromedriver.exe
2024-12-18 10:38:23 INFO  BaseTest:40 - Started test with URL https://practice.automationtesting.in/
2024-12-18 10:39:26 INFO  Utils:112 - [TestNG] Running:
  C:\Users\hassan\AppData\Local\JetBrains\IdeaIC2024.1\temp-testng-customsuite.xml

2024-12-18 10:39:27 INFO  ConfigManager:53 - Configuration loaded for environment DEV
2024-12-18 10:39:27 INFO  ConfigManager:55 - Configuration loaded for browser CHROME
2024-12-18 10:39:27 INFO  WebDriverManager:1220 - Using chromedriver 131.0.6778.108 (resolved driver for Chrome 131)
2024-12-18 10:39:27 INFO  WebDriverManager:1282 - Exporting webdriver.chrome.driver as C:\Users\hassan\.cache\selenium\chromedriver\win64\131.0.6778.108\chromedriver.exe
2024-12-18 10:39:33 INFO  BaseTest:40 - Started test with URL https://practice.automationtesting.in/
2024-12-18 10:40:40 INFO  Utils:112 - [TestNG] Running:
  C:\Users\hassan\AppData\Local\JetBrains\IdeaIC2024.1\temp-testng-customsuite.xml

2024-12-18 10:40:41 INFO  ConfigManager:53 - Configuration loaded for environment DEV
2024-12-18 10:40:41 INFO  ConfigManager:55 - Configuration loaded for browser CHROME
2024-12-18 10:40:42 INFO  WebDriverManager:1220 - Using chromedriver 131.0.6778.108 (resolved driver for Chrome 131)
2024-12-18 10:40:42 INFO  WebDriverManager:1282 - Exporting webdriver.chrome.driver as C:\Users\hassan\.cache\selenium\chromedriver\win64\131.0.6778.108\chromedriver.exe
2024-12-18 10:40:47 INFO  BaseTest:40 - Started test with URL https://practice.automationtesting.in/
2024-12-18 10:41:38 INFO  Utils:112 - [TestNG] Running:
  C:\Users\hassan\AppData\Local\JetBrains\IdeaIC2024.1\temp-testng-customsuite.xml

2024-12-18 10:41:39 INFO  ConfigManager:53 - Configuration loaded for environment DEV
2024-12-18 10:41:39 INFO  ConfigManager:55 - Configuration loaded for browser CHROME
2024-12-18 10:41:40 INFO  WebDriverManager:1220 - Using chromedriver 131.0.6778.108 (resolved driver for Chrome 131)
2024-12-18 10:41:40 INFO  WebDriverManager:1282 - Exporting webdriver.chrome.driver as C:\Users\hassan\.cache\selenium\chromedriver\win64\131.0.6778.108\chromedriver.exe
2024-12-18 10:42:04 INFO  Utils:112 - [TestNG] Running:
  C:\Users\hassan\AppData\Local\JetBrains\IdeaIC2024.1\temp-testng-customsuite.xml

2024-12-18 10:42:05 INFO  ConfigManager:53 - Configuration loaded for environment DEV
2024-12-18 10:42:05 INFO  ConfigManager:55 - Configuration loaded for browser CHROME
2024-12-18 10:42:06 INFO  WebDriverManager:1220 - Using chromedriver 131.0.6778.108 (resolved driver for Chrome 131)
2024-12-18 10:42:06 INFO  WebDriverManager:1282 - Exporting webdriver.chrome.driver as C:\Users\hassan\.cache\selenium\chromedriver\win64\131.0.6778.108\chromedriver.exe
2024-12-18 10:49:32 INFO  Utils:112 - [TestNG] Running:
  C:\Users\hassan\AppData\Local\JetBrains\IdeaIC2024.1\temp-testng-customsuite.xml

2024-12-18 10:49:33 INFO  ConfigManager:53 - Configuration loaded for environment DEV
2024-12-18 10:49:33 INFO  ConfigManager:55 - Configuration loaded for browser CHROME
2024-12-18 10:49:34 INFO  WebDriverManager:1220 - Using chromedriver 131.0.6778.108 (resolved driver for Chrome 131)
2024-12-18 10:49:34 INFO  WebDriverManager:1282 - Exporting webdriver.chrome.driver as C:\Users\hassan\.cache\selenium\chromedriver\win64\131.0.6778.108\chromedriver.exe
2024-12-18 10:49:40 INFO  BaseTest:40 - Started test with URL https://practice.automationtesting.in/
2024-12-18 10:50:29 INFO  Utils:112 - [TestNG] Running:
  C:\Users\hassan\AppData\Local\JetBrains\IdeaIC2024.1\temp-testng-customsuite.xml

2024-12-18 10:50:29 INFO  ConfigManager:53 - Configuration loaded for environment DEV
2024-12-18 10:50:29 INFO  ConfigManager:55 - Configuration loaded for browser CHROME
2024-12-18 10:50:30 INFO  WebDriverManager:1220 - Using chromedriver 131.0.6778.108 (resolved driver for Chrome 131)
2024-12-18 10:50:30 INFO  WebDriverManager:1282 - Exporting webdriver.chrome.driver as C:\Users\hassan\.cache\selenium\chromedriver\win64\131.0.6778.108\chromedriver.exe
2024-12-18 10:50:36 INFO  BaseTest:40 - Started test with URL https://practice.automationtesting.in/
2024-12-18 10:51:55 INFO  Utils:112 - [TestNG] Running:
  C:\Users\hassan\AppData\Local\JetBrains\IdeaIC2024.1\temp-testng-customsuite.xml

2024-12-18 10:51:55 INFO  ConfigManager:53 - Configuration loaded for environment DEV
2024-12-18 10:51:55 INFO  ConfigManager:55 - Configuration loaded for browser CHROME
2024-12-18 10:51:56 INFO  WebDriverManager:1220 - Using chromedriver 131.0.6778.108 (resolved driver for Chrome 131)
2024-12-18 10:51:56 INFO  WebDriverManager:1282 - Exporting webdriver.chrome.driver as C:\Users\hassan\.cache\selenium\chromedriver\win64\131.0.6778.108\chromedriver.exe
2024-12-18 10:52:02 INFO  BaseTest:40 - Started test with URL https://practice.automationtesting.in/
2024-12-18 11:23:48 INFO  Utils:112 - [TestNG] Running:
  C:\Users\hassan\AppData\Local\JetBrains\IdeaIC2024.1\temp-testng-customsuite.xml

2024-12-18 11:23:48 INFO  ConfigManager:53 - Configuration loaded for environment DEV
2024-12-18 11:23:48 INFO  ConfigManager:55 - Configuration loaded for browser CHROME
2024-12-18 11:23:49 INFO  WebDriverManager:1220 - Using chromedriver 131.0.6778.108 (resolved driver for Chrome 131)
2024-12-18 11:23:49 INFO  WebDriverManager:1282 - Exporting webdriver.chrome.driver as C:\Users\hassan\.cache\selenium\chromedriver\win64\131.0.6778.108\chromedriver.exe
2024-12-18 11:23:59 INFO  BaseTest:40 - Started test with URL https://practice.automationtesting.in/
2024-12-18 11:36:54 INFO  Utils:112 - [TestNG] Running:
  C:\Users\hassan\AppData\Local\JetBrains\IdeaIC2024.1\temp-testng-customsuite.xml

2024-12-18 11:36:55 INFO  ConfigManager:53 - Configuration loaded for environment DEV
2024-12-18 11:36:55 INFO  ConfigManager:55 - Configuration loaded for browser CHROME
2024-12-18 11:36:56 INFO  WebDriverManager:1220 - Using chromedriver 131.0.6778.108 (resolved driver for Chrome 131)
2024-12-18 11:36:56 INFO  WebDriverManager:1282 - Exporting webdriver.chrome.driver as C:\Users\hassan\.cache\selenium\chromedriver\win64\131.0.6778.108\chromedriver.exe
2024-12-18 11:37:02 INFO  BaseTest:40 - Started test with URL https://practice.automationtesting.in/
2024-12-18 11:41:12 INFO  Utils:112 - [TestNG] Running:
  C:\Users\hassan\AppData\Local\JetBrains\IdeaIC2024.1\temp-testng-customsuite.xml

2024-12-18 11:41:34 INFO  Utils:112 - [TestNG] Running:
  C:\Users\hassan\AppData\Local\JetBrains\IdeaIC2024.1\temp-testng-customsuite.xml

2024-12-18 11:43:03 INFO  Utils:112 - [TestNG] Running:
  C:\Users\hassan\AppData\Local\JetBrains\IdeaIC2024.1\temp-testng-customsuite.xml

2024-12-18 11:44:42 INFO  Utils:112 - [TestNG] Running:
  C:\Users\hassan\AppData\Local\JetBrains\IdeaIC2024.1\temp-testng-customsuite.xml

2024-12-18 11:44:43 INFO  ConfigManager:53 - Configuration loaded for environment DEV
2024-12-18 11:44:43 INFO  ConfigManager:55 - Configuration loaded for browser CHROME
2024-12-18 11:44:43 INFO  WebDriverManager:1220 - Using chromedriver 131.0.6778.108 (resolved driver for Chrome 131)
2024-12-18 11:44:43 INFO  WebDriverManager:1282 - Exporting webdriver.chrome.driver as C:\Users\hassan\.cache\selenium\chromedriver\win64\131.0.6778.108\chromedriver.exe
2024-12-18 11:44:49 INFO  BaseTest:40 - Started test with URL https://practice.automationtesting.in/
2024-12-18 11:46:34 INFO  Utils:112 - [TestNG] Running:
  C:\Users\hassan\AppData\Local\JetBrains\IdeaIC2024.1\temp-testng-customsuite.xml

2024-12-18 11:46:35 INFO  ConfigManager:53 - Configuration loaded for environment DEV
2024-12-18 11:46:35 INFO  ConfigManager:55 - Configuration loaded for browser CHROME
2024-12-18 11:46:35 INFO  WebDriverManager:1220 - Using chromedriver 131.0.6778.108 (resolved driver for Chrome 131)
2024-12-18 11:46:35 INFO  WebDriverManager:1282 - Exporting webdriver.chrome.driver as C:\Users\hassan\.cache\selenium\chromedriver\win64\131.0.6778.108\chromedriver.exe
2024-12-18 11:46:42 INFO  BaseTest:40 - Started test with URL https://practice.automationtesting.in/
2024-12-18 11:47:15 INFO  Utils:112 - [TestNG] Running:
  C:\Users\hassan\AppData\Local\JetBrains\IdeaIC2024.1\temp-testng-customsuite.xml

2024-12-18 11:47:15 INFO  ConfigManager:53 - Configuration loaded for environment DEV
2024-12-18 11:47:15 INFO  ConfigManager:55 - Configuration loaded for browser CHROME
2024-12-18 11:47:16 INFO  WebDriverManager:1220 - Using chromedriver 131.0.6778.108 (resolved driver for Chrome 131)
2024-12-18 11:47:16 INFO  WebDriverManager:1282 - Exporting webdriver.chrome.driver as C:\Users\hassan\.cache\selenium\chromedriver\win64\131.0.6778.108\chromedriver.exe
2024-12-18 11:47:22 INFO  BaseTest:40 - Started test with URL https://practice.automationtesting.in/
2024-12-18 11:48:25 INFO  Utils:112 - [TestNG] Running:
  C:\Users\hassan\AppData\Local\JetBrains\IdeaIC2024.1\temp-testng-customsuite.xml

2024-12-18 11:48:52 INFO  Utils:112 - [TestNG] Running:
  C:\Users\hassan\AppData\Local\JetBrains\IdeaIC2024.1\temp-testng-customsuite.xml

2024-12-18 11:50:24 INFO  Utils:112 - [TestNG] Running:
  C:\Users\hassan\AppData\Local\JetBrains\IdeaIC2024.1\temp-testng-customsuite.xml

2024-12-18 11:50:25 INFO  ConfigManager:53 - Configuration loaded for environment DEV
2024-12-18 11:50:25 INFO  ConfigManager:55 - Configuration loaded for browser CHROME
2024-12-18 11:50:25 INFO  WebDriverManager:1220 - Using chromedriver 131.0.6778.108 (resolved driver for Chrome 131)
2024-12-18 11:50:25 INFO  WebDriverManager:1282 - Exporting webdriver.chrome.driver as C:\Users\hassan\.cache\selenium\chromedriver\win64\131.0.6778.108\chromedriver.exe
2024-12-18 11:50:31 INFO  BaseTest:40 - Started test with URL https://practice.automationtesting.in/
2024-12-18 11:56:53 INFO  Utils:112 - [TestNG] Running:
  C:\Users\hassan\AppData\Local\JetBrains\IdeaIC2024.1\temp-testng-customsuite.xml

2024-12-18 11:56:54 INFO  ConfigManager:53 - Configuration loaded for environment DEV
2024-12-18 11:56:54 INFO  ConfigManager:55 - Configuration loaded for browser CHROME
2024-12-18 11:56:55 INFO  WebDriverManager:1220 - Using chromedriver 131.0.6778.108 (resolved driver for Chrome 131)
2024-12-18 11:56:55 INFO  WebDriverManager:1282 - Exporting webdriver.chrome.driver as C:\Users\hassan\.cache\selenium\chromedriver\win64\131.0.6778.108\chromedriver.exe
2024-12-18 11:57:01 INFO  BaseTest:40 - Started test with URL https://practice.automationtesting.in/
2024-12-18 12:06:18 INFO  Utils:112 - [TestNG] Running:
  C:\Users\hassan\AppData\Local\JetBrains\IdeaIC2024.1\temp-testng-customsuite.xml

2024-12-18 12:06:20 INFO  ConfigManager:53 - Configuration loaded for environment DEV
2024-12-18 12:06:20 INFO  ConfigManager:55 - Configuration loaded for browser CHROME
2024-12-18 12:06:20 INFO  WebDriverManager:1220 - Using chromedriver 131.0.6778.108 (resolved driver for Chrome 131)
2024-12-18 12:06:21 INFO  WebDriverManager:1282 - Exporting webdriver.chrome.driver as C:\Users\hassan\.cache\selenium\chromedriver\win64\131.0.6778.108\chromedriver.exe
2024-12-18 12:06:27 INFO  BaseTest:40 - Started test with URL https://practice.automationtesting.in/
2024-12-18 12:08:06 INFO  Utils:112 - [TestNG] Running:
  C:\Users\hassan\AppData\Local\JetBrains\IdeaIC2024.1\temp-testng-customsuite.xml

2024-12-18 12:08:08 INFO  ConfigManager:53 - Configuration loaded for environment DEV
2024-12-18 12:08:08 INFO  ConfigManager:55 - Configuration loaded for browser CHROME
2024-12-18 12:08:09 INFO  WebDriverManager:1220 - Using chromedriver 131.0.6778.108 (resolved driver for Chrome 131)
2024-12-18 12:08:09 INFO  WebDriverManager:1282 - Exporting webdriver.chrome.driver as C:\Users\hassan\.cache\selenium\chromedriver\win64\131.0.6778.108\chromedriver.exe
2024-12-18 12:08:26 INFO  BaseTest:40 - Started test with URL https://practice.automationtesting.in/
2024-12-18 12:10:09 INFO  Utils:112 - [TestNG] Running:
  C:\Users\hassan\AppData\Local\JetBrains\IdeaIC2024.1\temp-testng-customsuite.xml

2024-12-18 12:10:11 INFO  ConfigManager:53 - Configuration loaded for environment DEV
2024-12-18 12:10:11 INFO  ConfigManager:55 - Configuration loaded for browser CHROME
2024-12-18 12:10:12 INFO  WebDriverManager:1220 - Using chromedriver 131.0.6778.108 (resolved driver for Chrome 131)
2024-12-18 12:10:12 INFO  WebDriverManager:1282 - Exporting webdriver.chrome.driver as C:\Users\hassan\.cache\selenium\chromedriver\win64\131.0.6778.108\chromedriver.exe
2024-12-18 12:10:34 INFO  Utils:112 - [TestNG] Running:
  C:\Users\hassan\AppData\Local\JetBrains\IdeaIC2024.1\temp-testng-customsuite.xml

2024-12-18 12:10:35 INFO  ConfigManager:53 - Configuration loaded for environment DEV
2024-12-18 12:10:35 INFO  ConfigManager:55 - Configuration loaded for browser CHROME
2024-12-18 12:10:36 INFO  WebDriverManager:1220 - Using chromedriver 131.0.6778.108 (resolved driver for Chrome 131)
2024-12-18 12:10:36 INFO  WebDriverManager:1282 - Exporting webdriver.chrome.driver as C:\Users\hassan\.cache\selenium\chromedriver\win64\131.0.6778.108\chromedriver.exe
2024-12-18 12:10:37 INFO  BaseTest:40 - Started test with URL https://practice.automationtesting.in/
2024-12-18 12:10:49 INFO  BaseTest:40 - Started test with URL https://practice.automationtesting.in/
2024-12-18 12:11:09 INFO  BaseTest:55 - Driver instance is quit after the test
2024-12-18 12:11:19 INFO  BaseTest:55 - Driver instance is quit after the test
2024-12-18 12:16:42 INFO  Utils:112 - [TestNG] Running:
  C:\Users\hassan\AppData\Local\JetBrains\IdeaIC2024.1\temp-testng-customsuite.xml

